3 41 185 175 
3 161 238 77 
5 99 230 146 280 69 
4 227 207 270 49 
4 56 277 118 266 
2 107 10 
3 193 214 104 
4 57 50 231 173 
3 159 163 215 
3 275 204 228 
2 259 240 
3 261 239 223 
3 4 28 119 
4 129 64 61 43 
4 150 22 255 143 
3 136 170 274 
3 137 158 289 
4 18 253 90 154 
3 19 76 30 
4 246 128 6 126 
3 85 31 189 
3 15 287 211 
2 125 140 
3 221 27 272 
2 226 98 
4 108 122 177 1 
3 105 73 247 
3 44 14 71 
2 294 83 
2 216 155 
2 224 205 
2 276 70 
2 72 68 
3 39 42 183 
4 225 284 17 206 
3 218 298 251 
4 92 147 192 130 
2 180 252 
3 210 254 201 
2 36 258 
3 127 264 52 
4 87 86 195 67 
2 156 262 
3 65 197 178 
3 267 32 101 
3 203 139 135 
3 220 121 151 
4 60 191 235 186 
3 91 26 35 
4 286 188 160 279 
4 7 241 51 37 
3 113 109 78 
4 162 283 46 257 
5 164 3 45 100 153 
3 95 115 288 
2 296 142 
3 299 96 59 
2 13 196 
3 110 217 141 
3 74 190 169 
3 179 295 233 
3 116 138 165 
5 234 222 82 182 132 
3 38 282 293 
2 62 48 
3 167 209 120 
3 21 5 229 
3 80 248 208 
5 24 232 268 237 94 
3 63 199 242 
3 212 55 84 
5 263 53 166 29 114 
3 198 117 16 
3 245 81 194 
2 200 111 
3 8 40 181 
3 134 244 47 
2 88 271 
4 168 172 157 106 
3 290 20 9 
2 54 292 
3 133 23 176 
3 144 89 149 
2 0 145 
3 184 202 265 
2 273 25 
3 103 93 250 
3 260 291 12 
4 187 102 124 278 
2 75 297 
3 79 11 2 
3 34 174 112 
2 148 131 
2 33 123 
2 58 243 
2 285 152 
2 249 219 
3 281 269 97 
4 171 236 66 256 
1 213 
