31 4687 6304 6942 9613 9273 8101 2667 6657 7770 7680 1123 8307 9029 103 1342 9348 1463 7107 6738 9865 7233 6852 3427 236 5791 9007 9340 2703 5889 9721 6063 
34 8840 6455 2198 1777 313 64 1109 4327 9641 2121 5481 9157 936 4688 4992 7016 5093 4452 8920 7047 4732 8828 9096 2487 9404 1793 1021 2877 317 7424 9241 8980 5939 4158 
22 2986 1984 7357 3396 4250 3616 1222 4585 3732 9262 2706 9963 8296 3394 7749 2758 3911 3302 5560 3922 8352 3870 
21 6815 658 5818 9087 3910 7572 1500 3615 5371 6085 3145 7962 3707 6030 7015 7947 188 7751 7131 8517 6467 
15 2015 6066 6902 7081 6218 9379 320 5226 712 5688 7035 2224 9818 7586 6453 
17 957 7677 1223 6430 2207 907 8303 1289 4176 3662 3956 1704 2066 3094 9777 289 6834 
17 9305 5218 3067 8462 7430 7226 5503 1146 9436 173 5068 9218 9597 471 3801 3491 3749 
23 7229 4455 3512 1949 9033 9645 8998 3421 4498 1532 6562 5155 4012 3222 7018 6308 7461 227 4571 3827 5883 1699 3631 
9 2418 2850 4993 8250 1976 5968 5812 770 9834 
31 568 9320 6410 2896 6024 7916 1311 189 2315 8481 3753 6926 1767 4682 8074 7402 3266 940 1666 2868 8117 5315 8744 5671 4600 2251 7813 3224 7742 7714 1038 
21 9313 6200 4291 146 3970 7118 7216 106 4528 6855 3659 1925 7747 9279 8514 4859 8579 6032 3742 9558 4186 
15 9216 1778 3735 4114 9987 2599 1781 5166 7061 8095 7950 469 2606 1115 8718 
28 7070 8323 332 5593 9158 5193 5550 4159 8746 4642 6157 5140 3150 7352 5326 968 9017 7294 868 8465 7895 1108 8716 9660 8096 5296 2839 2530 
21 5137 2110 3305 7474 1466 6571 7483 1277 1796 6130 8258 1485 851 5741 4370 6660 5987 3153 2071 2709 3755 
28 4894 5727 4706 3024 4421 2305 9871 7883 3370 100 6580 7746 6946 352 6566 4221 4096 5442 1337 6542 2939 6287 1669 8391 7702 4479 136 626 
17 7013 3767 9780 1827 2936 2102 4333 2668 5946 9794 4275 2604 9010 4267 679 1701 8700 
26 4742 7140 2079 9627 2717 6630 7562 523 8987 8111 7153 6054 521 6037 6144 673 2849 4814 9875 2353 4399 913 107 1148 8726 8850 
36 7064 6493 2106 4910 212 1729 9819 7477 629 7513 4236 8603 5462 4085 5306 4365 6816 453 1253 9275 1187 4501 4835 2484 571 7089 5178 8934 221 602 2170 3520 56 7151 8641 3032 
19 4066 9685 3430 1550 476 2749 7753 8162 5 9356 8853 9197 4676 8295 6614 7568 1602 8120 2276 
28 4495 5858 3875 640 8682 6638 8403 1537 1942 6882 2568 2057 5486 9378 1395 5640 970 9335 213 5921 8887 3342 7590 6328 1730 8322 4142 3861 
16 6198 1625 975 989 5477 7382 1529 6641 4266 1840 3174 9397 1000 2767 579 3586 
27 672 2589 9944 2605 6069 4137 607 7448 4300 9019 7599 8246 250 4082 6362 9445 7038 9905 3348 7776 6796 3744 299 3626 31 6514 4622 
36 2949 2166 9815 2916 6048 6336 2527 7629 1338 6885 7920 7305 2513 8826 2636 754 7220 1130 6339 5309 6556 9080 5722 370 4850 6225 1765 6371 8794 2392 8802 5822 7540 3260 7946 2669 
19 7849 8484 2942 8370 7867 6392 6076 7387 2095 8407 1067 25 5542 393 3048 5354 8423 1427 8070 
26 3564 6794 9543 4920 7554 665 8940 7534 3657 4857 4209 3127 6605 3593 6692 5943 8390 2545 5980 7578 3318 7607 6964 4447 8994 3737 
18 1992 7927 1908 3220 1365 8094 9655 382 2760 2141 8027 4533 151 1783 2960 6517 4476 4750 
38 61 739 2714 2455 419 6029 1503 9512 1496 9392 8617 8062 8686 2906 1820 2191 6363 4093 6774 3856 4902 3437 9425 8697 3091 287 6878 3998 1608 8256 4504 5960 5895 7996 4018 840 2862 8113 
18 1335 8736 1251 9744 9171 2660 3503 3412 3927 2387 9174 3954 143 7484 1726 9960 6151 6087 
25 9901 1489 3176 8915 9483 7651 4997 5482 7853 3873 7072 198 2097 3355 904 8634 5588 407 3189 7481 182 410 3003 6070 8433 
19 6783 3276 6877 3073 3585 483 9190 2464 7162 3315 7176 1188 2082 8253 6980 3517 9982 7482 6644 
26 7186 7210 7249 4826 849 657 7762 3974 3507 7205 3293 6682 1551 3413 6286 5568 5789 1673 7056 3852 3063 8999 6445 9749 6384 8480 
26 3156 7612 2748 1121 2973 4107 3119 9981 7010 2505 8506 1008 7045 5386 10 2710 4647 7646 5975 6419 2014 755 4753 5563 3134 5501 
26 4882 6044 892 3362 7984 6757 1069 550 4499 1967 1921 4075 9384 3613 4345 8297 9588 625 2120 4298 8092 9154 6845 7311 3892 2627 
29 311 9232 9566 8801 2796 2938 5768 5026 9541 4232 5552 801 6813 7322 9969 6091 3365 574 3019 4131 5927 971 2726 783 4408 7722 2337 8087 3478 
28 5341 6329 726 1904 2132 1587 9475 9035 3364 369 1297 5709 1709 4625 527 6116 6387 1654 8201 6256 1333 7989 8501 623 7073 2592 8137 2724 
20 474 209 4629 39 7075 545 4423 7958 1298 7420 1385 5752 6508 2136 562 8790 598 2880 321 6288 
18 6321 8598 8460 6415 7570 5216 943 1274 8005 8255 2743 9145 5096 6291 9792 4049 3984 9227 
15 4090 9473 3459 9274 2718 3699 1140 7992 1076 5613 7954 4269 702 2300 7825 
11 7716 5284 5529 9824 8913 3627 3671 1287 8897 6853 1805 
23 7399 7451 8328 9586 1685 3760 693 6811 2351 7721 4526 5149 2232 1083 6010 4931 5644 8145 4769 5581 3264 5449 675 
18 7956 9595 9282 8588 4405 6639 7043 2675 147 8075 9438 3278 7610 8563 4811 1230 391 465 
21 222 1170 4546 328 4109 6202 9251 9160 6730 689 9150 1307 2231 3161 8732 1554 2265 1064 9993 3535 7986 
28 1867 2963 7546 9769 1723 5539 7663 380 175 2558 3086 2756 322 7875 8221 8045 1214 2918 2750 9715 4151 3033 3932 2830 2993 831 5179 3588 
23 580 2784 2422 5285 8348 3468 8324 9263 9133 23 9718 2789 2093 6847 727 6988 8206 3423 4401 1367 5737 3838 9770 
20 622 8274 615 35 9037 646 7811 1459 7659 4515 6406 2715 6187 1132 9400 9448 8047 5813 7943 9906 
35 9514 1323 4867 8040 7172 9743 3433 5437 2192 4892 2241 5041 8764 5171 6102 6945 4745 2965 7175 6400 1578 5110 2803 2050 3864 7279 6300 6594 4305 6546 729 1898 3591 4374 4662 
26 2912 8557 5089 3603 9925 8108 6234 9113 9547 8360 6928 8347 2733 7961 9050 4975 5703 7491 3037 9058 9676 9290 2623 8211 9700 5543 
27 1833 2436 6125 7337 6216 4880 8761 8996 1104 9208 7900 5176 4777 2205 1988 7286 9148 5019 4165 5696 4765 478 7517 7655 301 3284 3619 
19 394 7435 7846 8309 9349 4449 9229 3877 594 6539 6590 1165 4870 3004 3955 5893 7910 5067 2463 
39 2247 8548 3866 5699 6352 32 9610 7386 4966 9195 120 2270 6746 8159 6898 624 9722 2116 6655 999 2311 1351 43 3081 4023 3023 9016 1122 3100 4416 265 1467 2671 436 6955 6533 9938 406 4268 
24 8292 1030 3510 1399 5734 4218 3982 5106 2772 7738 8852 3670 6837 3440 7765 9124 4922 5773 5316 1452 6147 3400 5666 7404 
29 3629 5744 1002 3685 9837 7817 15 7341 83 338 7062 8166 7351 3237 7797 5966 309 5456 2894 71 1754 5676 5787 2474 7228 9560 8123 7161 142 
28 1515 8586 428 5668 6119 2119 9570 3746 1455 3621 4767 9644 4128 1499 8986 5258 1672 6077 339 7378 1807 6499 4934 6311 7350 535 5857 9326 
17 1900 5991 8976 4044 4770 4032 7285 803 3074 7449 8679 6520 8479 6817 4390 6210 9677 
22 7913 1169 1098 1302 1330 8620 9006 4523 1322 2462 3452 1548 9201 3497 4527 7067 4972 4174 5949 2940 4311 7182 
24 1866 8892 9549 7698 3112 4372 348 9177 691 9516 1051 7490 93 9880 6829 9651 2834 9350 3296 1623 3363 6049 4774 1114 
29 837 1860 6327 2352 6398 1046 4958 7808 5861 4397 1944 3135 8031 7195 8680 2242 7447 2027 9989 1397 3581 6472 51 9048 1295 8607 2073 5865 4592 
22 3471 6747 5189 3403 3739 7882 3759 2053 5530 1498 3467 1574 6936 2005 5283 9057 6007 7618 2833 4976 3229 2169 
32 4307 1227 8055 3334 6729 9761 9481 9132 9812 979 3584 9724 7898 2345 6982 357 1402 5785 7521 5681 2274 5506 9188 503 5114 8349 8483 1759 2747 7784 7235 8069 
30 6160 7792 442 6474 6141 66 3513 4696 7274 7691 2630 8793 8749 3686 8432 974 7032 4336 6432 4386 7514 6781 593 79 4474 258 4197 9146 3857 5723 
28 7429 4781 2523 2112 7912 7730 1846 3247 9612 7080 6301 194 8933 3159 2903 5639 3519 158 5638 3996 6028 3322 9956 7964 2843 2492 392 8301 
24 1883 3358 852 9583 2129 7708 1291 1770 9431 5035 8805 8365 1540 860 882 4129 4508 3681 3369 4729 4731 3172 4506 7533 
29 7475 3245 7347 8809 7407 1924 4690 1980 7587 740 4591 8591 3473 8010 9153 1906 7238 4513 2701 4933 9236 8455 5142 3720 1334 9787 7310 8613 1642 
30 6277 8290 2261 5107 3993 6380 6716 2115 8401 1791 202 2089 1756 7879 9988 9533 7071 4053 2047 4118 2127 6310 1462 1542 4908 3702 8452 5159 5408 4241 
20 375 6875 7876 497 5069 8112 942 2661 7745 5116 3624 4939 1199 7645 1870 2762 2644 7653 3560 5665 
18 7861 6745 853 4034 105 9377 7854 6949 1760 4229 1390 5831 8398 5148 1074 1573 4865 1150 
27 1724 9852 6296 1959 2787 4659 2482 7684 7262 3470 238 7718 1857 7273 9801 2010 5196 3383 5119 3217 5053 2744 7593 2822 9223 3028 7713 
35 3281 6558 9469 5920 2663 8854 3958 595 2797 6587 1101 8257 8288 4314 2670 3340 37 8993 5243 5002 5421 875 1446 6510 3385 6759 8472 3552 4616 3415 5162 1118 447 6748 8535 
33 3090 3865 6473 1797 9832 1355 8030 3122 1660 5879 1096 9221 3436 3948 8692 1624 1753 7505 6798 7179 1750 4974 7302 1237 4362 3900 1091 7450 5669 9552 18 3458 9329 
31 5235 4387 3092 57 6438 6357 6009 2480 6156 8033 3765 6223 2370 7935 7009 5032 1682 8048 6860 8709 4827 9791 9500 6022 4812 427 1479 5661 8185 8163 2897 
22 6961 3208 7804 6378 5582 7507 5233 1357 997 9079 7330 5164 2331 4671 8393 8949 9648 6876 3014 2286 170 247 
30 961 2424 1407 4352 7113 4853 7366 5329 4550 501 8428 2526 9351 6602 4335 6504 4739 5687 7706 9959 5898 2058 9491 8837 2096 3441 3987 3543 1718 7036 
17 3444 4475 5541 6058 6356 7110 9471 8846 6918 7775 5784 9580 6153 6941 5551 1377 9990 
21 6780 8965 6910 2309 2438 6810 1834 515 4442 9049 7139 8604 8561 1795 4702 9432 5435 8090 5443 8078 710 
29 734 6786 502 956 119 4782 4656 1079 9242 9381 1779 3157 2025 1774 2479 3547 592 356 7582 1493 9946 6511 1706 8230 1285 8683 5311 690 1652 
27 9670 864 9104 4410 3740 5913 1422 2885 2206 8109 9592 9368 1688 688 4460 3262 5763 8844 9565 205 2889 2475 7756 3705 8332 7111 8414 
31 1315 699 3773 9562 6771 2060 3435 3102 9156 8505 387 5188 2125 3999 4547 8325 600 668 4505 5355 6497 5574 7367 2131 9942 4413 7669 8282 3390 5508 2848 
32 6649 7020 9926 9947 2992 1873 1693 531 5660 7729 4105 4907 8638 5211 4701 216 6897 3763 9212 6923 4076 6175 4191 5505 4271 6976 6099 9434 5846 9061 3688 8147 
21 29 3758 95 5719 1627 5674 8804 4503 5603 1299 7894 4104 2882 4942 3053 6298 7098 7974 748 9605 978 
21 9799 2944 8088 2461 125 1782 80 1155 9437 8084 4598 1703 8655 8467 4458 5048 9493 2679 431 5265 2055 
32 1560 9011 8791 6305 233 2439 2722 5023 5587 7326 7192 4874 7354 8672 7541 6545 5109 6671 6295 2824 5940 4462 4183 4726 1279 2046 7412 5224 8948 794 4803 6260 
25 6633 8792 8681 6034 8615 494 1458 847 8237 2034 3550 7650 8284 9395 1011 2405 954 9453 7050 1242 2870 7079 9690 9656 1015 
31 4618 3410 3575 3329 5554 435 4028 8194 3940 254 6416 7267 8212 7178 7132 7807 4351 812 5984 9372 628 2666 781 3226 664 6468 6770 6986 176 6322 1359 
29 7657 1530 6208 9118 8259 9742 1644 8869 3646 1476 4293 281 7754 9734 2063 6983 3808 1918 7699 2381 2149 7480 3804 8537 6929 3084 4545 8929 2007 
32 7810 7398 4084 7787 4587 5601 9068 1494 115 2477 5619 365 8511 8918 6857 3925 5262 9213 8811 2777 1163 7960 7408 558 5085 981 5151 5836 9596 8879 1341 5859 
24 6381 9556 5777 7683 1634 7759 767 872 8992 9886 7832 253 8439 6320 8417 2202 7241 9217 6417 9568 9427 5065 2998 7146 
12 9913 141 4415 4773 1922 8294 4736 4700 4354 1473 7002 8453 
24 8184 6188 6367 1504 890 6683 9934 3356 1513 8969 2433 4438 6072 2727 6278 8333 7469 6195 4463 3983 2277 6881 1137 464 
32 8564 513 3411 9254 846 8955 3082 7816 843 6865 7221 5610 7866 3672 9022 991 8304 634 262 4849 5823 8912 4306 5842 7261 9622 7617 3128 2914 8538 3185 9970 
24 9619 315 1313 9625 354 5724 3669 4147 5878 8366 5658 1075 8593 5733 6149 9665 5007 6347 4166 2860 2022 9365 1998 5471 
29 4098 8262 4223 2511 8157 9757 9511 9116 6182 617 1232 5838 4006 1042 547 8471 8525 5633 3431 1103 7634 7826 8144 2391 2564 1619 7673 8327 8057 
18 3253 7116 3104 2856 2967 8071 1670 5136 8972 5807 7970 785 7426 8456 2976 5431 7524 4177 
38 6695 6139 3160 2957 7446 5303 378 4862 993 6082 7457 5219 4211 8928 1981 4343 5278 4272 6970 3212 77 6714 1932 996 1769 124 4945 9059 1249 5153 7526 324 9391 1086 5269 4364 3665 6603 
19 6529 5510 368 5782 1368 4121 5730 1296 1999 9828 1941 824 2336 6162 5330 4239 3357 3367 5334 
21 3578 6248 3997 8416 384 7904 2632 28 6490 1025 3006 3312 3653 3876 555 8386 3002 2219 5011 5545 2677 
27 5245 2056 2997 6967 871 7275 6319 8705 2765 5502 7328 4360 2350 5288 3823 1036 3769 603 6867 1694 1379 1398 5667 6177 7057 6242 3528 
35 7799 8699 128 7580 8637 5602 1175 8609 952 397 1048 9482 2248 2607 5527 9333 6712 6366 5061 8725 1818 9548 7536 8318 4030 4240 468 5185 1144 8849 1120 7026 6944 2814 8319 
27 4525 3257 9628 1843 7668 1215 4099 3062 969 4584 6120 8799 2319 7972 7815 1737 3800 747 2798 4161 111 1641 2113 234 6433 59 7700 
12 3667 8711 4089 6178 9720 1831 412 5999 8261 918 4941 7376 
32 4637 6658 3601 1804 3199 2600 6523 6272 6422 4798 1412 2415 6056 6253 8807 1736 4881 6874 7551 9594 5336 9591 8531 1434 5327 4991 2692 3486 1158 7600 8808 3021 
9 3647 8605 8135 6557 8340 389 4697 4927 7899 
29 768 164 7840 2852 2362 7761 4623 6041 2645 4669 5801 9706 2017 2721 2995 7371 114 7838 5945 5194 5488 925 9125 8658 1354 1213 1180 8884 8527 
35 7929 9012 5757 6922 4141 7847 1441 1746 4213 3258 7724 9370 7334 1715 3574 9884 2580 2144 6823 217 941 8181 2553 6388 2761 6369 5691 9606 2823 2307 5811 4220 9334 8582 7049 
13 8477 4959 9306 1564 6547 6809 2304 1817 1763 5319 416 835 9532 
33 1815 3640 245 7314 2686 6927 6346 8860 2072 9912 9526 30 2366 1907 5556 5391 9112 7619 5963 8651 6704 1996 520 5111 7767 7431 9417 1893 8251 5825 6789 3110 4047 
29 2008 1100 8440 4733 8575 9419 4318 5287 5426 5514 2612 3075 8926 5268 4457 4290 4660 4459 8359 1486 5195 2236 5203 7835 5325 6448 1991 9484 3111 
21 7401 9052 3317 9640 9654 2140 3038 2033 6132 3099 5903 7671 6166 5884 8723 6335 4791 3971 762 6241 2658 
29 445 8104 6360 6567 7253 2473 6971 6359 6243 8316 280 9141 2841 8814 9321 4212 4237 456 1262 7584 334 6564 620 7559 3162 5095 3957 4820 1088 
29 8878 7535 5045 1257 5770 7843 5630 6203 4899 5715 6609 7615 2634 5575 1136 8335 2378 6666 9895 5392 8633 1575 429 6401 4808 6627 4641 6585 9860 
24 8587 1024 4153 7323 9071 9199 1436 2388 230 6681 8883 4204 614 9943 1622 4831 3704 8330 3942 8320 7166 5855 6257 3643 
11 4644 3181 5899 8014 3425 1603 7809 2678 207 2168 4483 
20 7499 8213 1438 2736 2325 5904 5729 2256 2582 2155 9253 8066 1437 4743 4994 5845 948 1823 6271 6613 
31 9888 3333 2335 7465 4807 7434 5433 7411 5557 4532 1692 8691 7998 5094 5379 257 5625 5349 5796 7932 2517 2699 5199 7027 6957 4005 2491 3327 2847 1962 1212 
22 4346 1447 9544 5295 6825 2368 9027 7014 350 8741 6423 4489 5420 7782 1989 4262 9515 3637 8 9259 8337 4103 
29 3307 7704 8774 3066 3594 4764 7276 5701 8990 6962 7370 8023 4821 3963 1681 8004 5259 4805 1956 8202 1659 8267 9873 705 2628 5806 5404 4844 5370 
23 3580 4815 596 9018 8421 6089 3770 4441 584 1431 1819 4698 1604 619 441 6812 1894 4110 4304 7199 7473 4627 766 
32 3168 4648 5829 7380 225 5766 1250 1583 6374 3675 5835 987 857 6699 8492 3123 1714 7100 2793 7720 9258 5492 7780 2363 8759 5207 2815 2326 1972 7537 9577 7467 
19 719 524 3210 8534 7394 9498 909 5167 2237 8845 2403 4822 7892 6599 3243 4574 9257 5894 5254 
24 3696 3901 1391 1930 8857 4711 543 8545 6262 9739 4100 7291 9034 7304 8497 5965 1445 3280 7427 3422 302 2289 4338 2273 
19 8227 8601 4067 72 8855 4915 6906 1618 4572 2778 7919 6071 5745 4596 4287 7836 438 8083 1418 
7 9003 1803 5008 4068 1695 3330 7433 
18 5649 9070 9408 2292 9729 2374 8186 3216 8755 6629 6574 4710 5080 4560 5132 7678 6016 5571 
28 1888 9985 5156 5453 4485 2930 4256 8263 8610 777 6389 2931 9225 6863 3828 5738 5490 6169 1131 7519 9005 869 16 1147 9387 7335 3929 2117 
30 9166 3579 6735 8868 8768 8188 5576 8694 9028 7516 7542 6140 5909 129 9902 8476 4419 7844 2469 3303 3350 6065 4516 763 8232 4522 3500 3724 7783 8217 
21 1209 2975 4507 3842 3936 3536 3979 8061 3387 7121 3725 9618 7200 8752 4668 7044 4728 3035 2786 7896 6405 
23 7028 5112 3976 2690 7277 671 3636 4607 3205 6832 9077 9226 4062 6848 9240 8334 1555 9750 7214 8080 8463 5029 2163 
21 9550 5298 833 8662 576 3689 4898 8060 3777 6180 8215 9587 5828 1161 1490 4230 13 4451 5876 9776 2840 
32 2920 3697 7512 3541 718 8653 9527 1676 396 7576 6932 3811 4167 6235 9139 9816 733 4620 8141 8512 1836 2162 2018 5549 1878 9984 2836 9371 4286 8044 1510 1929 
11 8578 1325 6850 1159 6668 5126 3240 7127 3644 6057 3288 
38 5716 9733 7993 4184 3108 9657 3807 3493 2613 1511 3785 8018 4594 6751 7712 8063 3282 1702 684 539 2873 9853 2988 2267 8002 551 6651 8287 8985 8568 4283 4530 4795 3304 2280 906 1247 8131 
34 6466 6199 8447 3050 1684 753 5375 6956 9458 4045 4347 5967 7167 2622 8326 3494 2431 9929 2389 2012 2371 291 6553 7644 8818 2962 4509 8454 6700 9971 8082 7436 3994 2508 
19 1563 8493 6930 6179 4866 2246 7806 6866 3115 2390 282 7237 9460 9978 2943 4234 1033 773 5174 
28 2720 7198 9144 9633 6645 2654 3839 7907 967 7493 6515 6620 4674 5906 2895 2183 3164 9261 6233 5418 4926 630 9854 7416 8384 9669 2032 4891 
26 9707 7889 6168 1221 5888 6293 9897 3622 4828 4677 8239 8963 5473 6138 5143 9083 4810 2911 1711 687 4148 229 1129 8260 8622 4292 
32 2519 7329 3717 3915 4245 4749 7342 8220 9478 1787 9790 4378 2452 9205 3487 731 3010 7549 7917 703 8233 2549 2650 9529 642 2488 3254 5521 1728 2196 7496 8947 
32 3442 271 565 9735 4403 7171 3532 1521 3895 6674 8125 4014 9015 5523 2218 304 26 2358 6264 2447 7400 4960 5215 7336 9173 4436 4864 6046 8893 5596 2610 5819 
25 6913 9109 986 6896 8652 4195 6460 2921 7501 7689 3556 7842 1041 5548 4626 3553 1068 6636 760 2419 2616 923 4823 910 3562 
24 6424 7585 780 2212 1590 6326 5484 155 1477 4579 4222 8305 5677 6690 6232 8611 9069 597 2067 6477 3641 3042 8552 9916 
32 7640 6135 3354 290 9450 7034 4854 9846 7988 2122 959 6880 9376 473 5778 53 3682 6314 4946 1151 6568 5397 9415 3479 5726 7308 8577 6889 1594 9307 7968 6113 
27 5440 1773 409 7196 5695 3451 2275 5702 5995 3211 4628 680 8344 2768 2294 6027 8427 8927 9245 3118 1571 1506 7074 2865 3265 9765 616 
33 8708 3527 6450 7102 5783 7246 7901 8116 9948 7169 5809 4924 1389 9219 9983 1842 2978 7939 9194 3379 1965 6561 2257 3485 7105 87 8011 7544 6501 8589 5368 6348 805 
22 6002 9820 5487 3129 839 9795 5012 6261 9972 3345 9975 8631 2648 2346 7930 9315 9310 2069 7478 440 2593 4320 
20 9411 6150 9705 4411 3323 512 4903 5357 288 4039 9621 7003 264 1362 5750 9567 7951 1488 2019 5606 
30 2316 4428 2143 482 4830 2741 8951 9889 4664 2924 949 9031 6915 6345 4456 6642 6463 2088 1405 8600 6624 1483 4108 9719 9439 7869 6334 5362 9220 4281 
34 8509 4935 2118 9696 8146 98 3414 9410 1369 4888 1700 118 1589 5907 8743 4340 8693 581 8247 2254 2003 2676 9578 5321 8124 5423 9600 6045 9711 430 6458 5720 4319 7173 
11 9976 7325 3221 8616 4464 1072 7417 2004 4026 1375 7632 
31 1138 8629 7779 7187 799 8150 9778 2501 3392 243 9269 5870 6219 8436 1851 7890 2124 4081 44 2647 1404 1798 5450 9200 5459 9336 7831 790 5854 2227 1006 
21 3321 7164 3182 889 6281 6129 1119 4373 6524 5774 4751 6394 4542 3275 6496 9390 2103 1497 5659 3863 7731 
34 4788 7224 5626 2077 7232 6584 4786 2979 546 4270 2948 4496 6696 8960 9421 8903 2684 1572 8583 9386 8930 7925 3730 3794 5961 9465 4780 2361 5499 4203 443 9589 5931 3825 
25 8640 6884 6338 135 5816 8995 1239 9900 4838 7046 7217 8779 7397 8121 7752 7893 5832 3634 564 5236 9426 5683 6573 7165 3903 
39 1735 2899 8832 7236 5712 8059 1835 6570 643 8214 865 9000 8134 3295 3070 2713 3894 11 1720 3235 6061 8569 6483 963 4631 9039 5905 347 4719 7470 9907 7828 1928 2716 8451 5003 3687 3611 9536 
24 1273 6377 816 7750 1741 5981 6785 3832 3660 5525 9958 5181 8885 2195 5843 5013 5079 7390 9689 4041 8380 6051 4057 4716 
27 677 2531 5387 499 2867 7592 7614 8293 6824 5694 9894 3438 9170 6736 9093 3096 7841 915 1280 3978 3140 6693 9486 9383 6294 5547 1300 
21 1993 9128 4833 1995 2425 9289 4017 5553 6397 2413 738 3000 8886 9398 3728 1849 8572 6717 6246 9614 3408 
23 3239 3049 9768 481 6128 2442 5656 529 3190 4027 5463 621 5346 1691 1241 6954 9898 3703 401 7719 7772 2441 9573 
19 9409 7948 4746 8539 4280 6947 2584 8668 7887 4425 7623 1556 8418 5932 3274 58 2133 8265 5682 
19 8773 8819 3977 714 232 2994 6679 3650 3788 5802 1258 3020 6285 2161 1731 9 1084 2312 6060 
24 5693 874 5957 8085 9712 7732 6893 7344 8667 8952 5062 1876 3267 9043 4168 5512 9868 8364 3995 7717 3184 6118 7459 181 
13 6807 3826 1142 8614 8795 4595 6274 3648 1376 8231 3649 4325 6665 
37 55 1879 9255 3816 6749 6764 5662 1331 5457 8058 9911 7872 6963 3443 8383 1822 7021 958 3489 4535 2996 223 2365 5607 5448 9598 5680 5618 5223 7257 5037 5935 6209 9668 5753 9317 737 
31 6412 661 7975 8410 1601 8155 415 7933 7812 508 137 6548 5537 2990 276 4454 4565 8200 5518 5190 5266 6899 14 7369 8696 6788 3652 5047 3093 6492 7115 
17 4071 9246 2657 9297 4705 922 9138 1721 509 4784 310 7250 787 340 2101 3884 5886 
29 3555 5743 6192 4980 1994 4558 6000 9477 2751 9754 9919 4190 7735 333 9318 6376 2555 5863 2199 8041 3771 848 1063 8781 5028 5467 4391 6107 1190 
38 2135 3148 5746 9602 5214 9105 4602 6886 6871 3784 6013 4879 4895 3754 3799 3231 7389 5670 6920 7091 5976 6540 3178 1780 647 3306 8733 1360 7963 7878 2318 6421 6019 7818 9650 5476 6750 2544 
30 5161 8277 8338 3105 6220 3047 2799 8236 2927 5267 2831 2187 2386 97 3469 9167 6306 4235 6505 6846 2414 7886 4258 6090 7343 4977 7303 4490 3286 4929 
31 9187 3311 8434 2167 8035 2802 4477 8851 6106 7222 3308 1591 7560 4845 9774 2016 1444 5522 9664 2617 9108 2569 7033 4943 960 6489 8908 3488 8507 2697 6911 
27 2571 9406 5393 1588 8536 1201 6985 2781 921 5844 7453 8199 3912 6478 8006 5930 7128 2111 1858 351 644 8684 2114 4231 5388 6470 8618 
26 5934 3291 2184 716 2040 2468 6036 9155 4486 5122 1471 1235 5052 116 1611 27 2590 9211 4961 3831 9149 6017 7059 3388 4339 5821 
17 1135 9361 5532 9355 1145 3299 9331 8842 5655 9327 8528 9235 2489 9285 9530 8701 8350 
27 1178 286 1643 7361 5534 5725 6839 5092 6495 2039 8931 855 5524 2282 7945 2858 6887 4670 5834 4392 5926 8838 8396 7824 325 9517 9796 
12 9393 666 876 2547 1799 7726 586 7918 5005 153 686 7206 
35 5971 902 7666 3554 856 7665 1443 6172 7903 938 1871 6290 6728 2851 964 8567 7608 8812 2646 2832 569 4385 3131 2562 8499 3175 1788 314 8313 8371 8429 9717 8674 398 6439 
32 610 3540 5377 6454 6402 7191 6672 5564 8864 5708 7142 9444 5249 3052 4323 4614 9416 3805 8478 5261 1648 1661 3934 1987 7859 197 7413 7391 7042 4348 20 8556 
24 7877 4583 6851 9830 2497 1386 2982 633 5238 8981 2702 2541 6006 9704 104 1853 641 6217 5942 3945 2152 3712 9545 1705 
22 5018 2026 5120 267 4139 6989 9186 9072 2563 3813 5793 2662 8016 4573 1174 8678 140 3698 6621 1060 3405 3620 
23 5343 8902 8766 6903 4205 6062 934 1710 1417 8182 4675 6888 9247 8177 6083 5862 9092 180 1536 5413 8043 8374 8543 
22 8675 1609 7319 1233 9634 5678 5228 9546 3530 636 4301 1533 5496 7443 1347 9599 73 1663 5896 8519 4553 5629 
28 4855 6767 8158 6879 8815 9302 5385 1519 1597 6776 7800 8170 7396 1919 9032 2001 191 7300 5869 6872 944 5204 7814 8735 7001 4951 1019 9117 
17 7928 7287 8435 9965 7602 6550 4940 4021 4063 5914 6921 3474 9785 8571 609 2620 6441 
30 3988 2641 4170 4624 3475 6966 7096 9265 6237 8827 2467 1392 1748 4087 4055 8400 5389 8917 8299 6977 9086 1164 7504 8905 8914 3272 4181 1599 4040 5020 
16 8758 8973 2673 5951 4328 5684 5394 912 2923 4388 8841 7405 7365 870 8402 7458 
24 9626 9046 8967 1534 732 3016 7520 9510 8829 6324 2085 8757 2579 2347 2987 4534 9931 7955 4061 1698 5599 1191 5758 7441 
29 1543 9864 3338 7456 4969 3228 5933 3570 8547 4357 4009 2631 863 6226 9616 2587 7728 1890 4954 5010 312 8899 8942 4179 6435 4226 4752 1093 1923 
18 2576 3147 3904 6344 138 6868 1844 7258 570 7511 2302 4466 4760 6136 5248 7563 6994 1134 
25 7952 6951 8816 9954 5384 7531 3551 5367 500 6528 6990 1621 4650 6351 9856 2723 1708 3040 6074 1636 3310 1576 8106 6507 3402 
28 5497 3546 627 8574 1276 3632 4396 4101 241 8742 2404 826 3165 459 7143 9624 7120 133 3186 4440 4906 5908 1786 7848 9730 1990 8727 2049 
30 1664 8209 5466 9805 9045 1986 1491 2250 9457 8353 2640 1768 8266 3505 1264 5519 1012 4317 6429 3419 6075 631 6592 6653 6701 5322 3113 7565 998 6111 
20 3549 6849 5540 3840 7464 7630 1772 1058 1094 5950 1615 7625 5338 4928 5252 7202 7154 8308 2540 3880 
22 7270 9089 6134 5373 4582 9292 6436 7101 6995 9060 8286 63 1243 9535 2146 4577 4288 2339 2098 6035 5294 6997 
21 3817 2603 9347 873 6297 6114 2863 4038 4964 728 1516 6396 5969 1442 1940 8925 5591 5973 5592 5280 9430 
33 187 1090 825 3885 3542 8530 1557 823 9737 5260 8229 5635 7259 7529 8621 6778 6604 9748 3336 6525 344 6229 2255 9662 9063 3309 8276 5138 9168 8311 9396 8594 9673 
21 554 6502 4537 9806 4482 895 6196 8306 5098 9422 9961 9991 5412 33 5555 650 1482 4324 1586 5230 1410 
22 5027 1194 5352 6647 461 9496 2842 9844 285 2933 3625 4890 4430 183 3525 7995 4252 9367 750 2182 1028 1022 
36 4536 1630 3951 9401 5049 1326 4493 7282 8300 7715 4714 2043 6909 2023 1960 2829 3079 4473 2153 1387 7510 3630 556 2871 4334 5706 132 3209 3407 3248 2925 844 4149 8541 3656 2691 
11 8890 2546 6773 385 7313 7605 7377 5416 9723 2926 3617 
17 2581 6953 3137 1668 361 1316 5827 7703 5038 9615 123 7055 9309 2094 6207 3559 3985 
35 5381 9463 2440 9464 1281 772 6283 462 6727 4689 9433 5305 3606 692 6625 8833 256 4919 3674 8822 3214 1265 6827 2091 5546 6284 4402 4766 9203 746 7577 6959 6840 3664 8921 
21 2061 5721 3972 6652 9209 2385 990 1620 7613 8077 1370 7299 3144 829 9893 4465 4580 1847 9461 295 7252 
35 1757 5060 6068 4630 3544 5054 992 2732 3098 1937 5021 2766 3509 1934 3610 1420 8291 405 9554 4950 9708 3599 7695 2674 7306 9582 1742 5788 6673 4010 7083 1077 3836 4904 994 
27 7141 7687 9691 7379 5124 2314 388 3905 8627 3772 7148 4279 283 9867 2084 1026 3878 9966 2454 9726 8240 9986 1195 5923 3107 1226 3289 
19 519 8029 7372 4225 3193 7498 2893 2621 490 6488 1383 6862 1266 3973 7025 1356 3965 5790 5225 
34 117 2536 8713 206 9874 3605 3420 761 6537 1509 560 4756 4819 2977 9330 6353 928 2189 2062 4663 4521 3700 2214 4500 3206 1039 6761 6895 791 901 7183 1579 7641 8789 
21 7911 4112 6711 1997 4666 4450 425 5076 3859 6596 880 6779 1626 4427 8269 2223 5264 4261 8636 316 8606 
25 2774 4575 3368 977 2551 2126 1211 711 6426 8843 9607 6231 5780 7295 2953 5775 8706 4313 7338 2878 899 8130 6112 6664 2609 
18 2356 3409 7648 2518 1 9202 9842 300 2075 8500 7422 6190 3516 8777 8762 9585 5604 4156 
39 1776 933 5234 102 1902 4366 4130 4398 3133 1220 7794 1271 1470 5380 5314 8748 3893 1649 5956 7076 3397 4144 7921 3538 3943 6841 4342 5873 1157 6487 7694 6440 5544 8222 7611 7801 1966 1204 8874 
12 6252 5441 8704 4381 9099 4757 9840 3533 9196 5055 7881 2134 
21 7468 9798 3142 2682 3916 5645 1017 2655 2496 9892 5403 8409 6892 8036 9294 7938 1403 8488 8580 2200 9374 
31 8962 945 6756 69 8219 9345 5187 475 4541 159 2753 3609 8510 1541 7949 3854 8007 2051 8775 4312 3824 7264 5229 8053 3745 2879 371 2321 1826 3255 2509 
17 8420 8425 5990 4635 448 9179 9429 1263 2044 1143 9784 9716 2947 7798 7581 2516 8957 
33 5222 9267 935 4615 896 8118 6719 5713 5962 4834 121 6379 4561 2498 2596 2244 3078 7978 4801 3076 2687 1321 179 4488 9841 7452 5580 1014 8138 2138 9635 7133 2983 
28 372 3249 6924 4164 168 5212 7662 8167 5803 7679 6610 3242 7418 195 185 1457 6787 2800 3109 3456 6934 1172 4412 8666 2423 86 6266 3850 
28 7293 3651 4717 6582 6838 819 4043 8264 6552 8107 7820 8362 2757 735 2980 9825 4201 1400 9413 9094 2188 1185 8100 5242 7136 5536 796 1009 
12 3103 7864 6155 6012 4029 3818 7256 9394 6544 3246 5755 9803 
31 5424 6654 7346 9952 4653 9701 1176 5901 1448 695 4543 9941 6833 5292 5810 9162 1824 9725 220 3060 6611 9603 2707 9999 1680 1234 5077 9850 3781 3860 6721 
18 203 8345 6240 7626 4217 6486 3359 985 8248 2295 3713 8388 721 4178 5781 891 5641 4604 
14 9449 4990 6589 3531 883 9992 9687 2737 6146 5072 5071 2376 2659 4243 
26 8086 4194 326 950 984 704 7425 4617 6331 599 8339 9659 5353 9418 884 3726 8032 3179 1173 6390 7039 7489 7991 6434 9811 5390 
40 700 4414 5710 1640 4202 7685 4652 2776 1181 2360 5014 4638 3851 8533 897 9328 8193 1255 1946 4106 8649 3447 1525 6142 154 6802 9312 2672 2226 3668 1205 2891 1675 9502 1954 2643 2905 7863 898 3975 
26 7119 7373 7686 6078 4371 6081 1912 7727 9038 582 2859 9917 2956 2299 184 5805 6282 3888 1821 446 9243 2490 7888 6250 2100 5900 
28 3055 3779 6842 1792 2754 4913 8780 2393 3710 9322 8767 5191 2955 8242 3939 1945 2524 6001 4514 1432 2932 5918 532 486 5198 2656 4277 4133 
19 6031 4355 377 2264 5289 6451 6064 924 6772 1435 9193 8689 8252 5754 1610 3472 6408 3766 5578 
28 2465 1593 2293 5535 6265 5711 6101 8151 9833 8486 9073 7122 2354 6628 1717 5761 1712 5528 5177 4037 5797 7054 7423 7051 4308 9876 1958 2922 
17 8406 3294 2928 9286 6475 2651 1319 5417 366 7298 6583 4492 4095 1044 2080 5399 3638 
31 4435 9636 1465 5291 8665 9062 6163 1943 5567 3044 7987 793 7502 4893 9114 9110 5919 2522 7012 6079 3526 8839 9352 7225 36 2266 2689 5348 4393 3853 2271 
33 8175 9935 1363 8856 8034 2323 8882 5837 9101 2395 659 7764 163 6680 9407 3907 1047 2142 8076 3013 6675 331 2971 9053 75 9308 5144 4763 4998 1683 3046 6559 3380 
31 8520 1970 4115 9065 3949 8272 4278 9632 6393 4019 1810 8225 3121 4060 5139 8817 7265 2485 4210 7973 8052 3171 4999 9040 9885 7539 7349 5749 8581 5988 1569 
33 2278 1784 8739 6420 9042 7785 7636 9604 9731 3981 3146 8444 893 5210 5794 916 8881 6431 3908 3881 2466 903 3089 404 7358 1426 4484 8836 8858 9499 2221 1055 9476 
23 3869 4984 3786 1054 6409 2999 645 2857 9822 3751 8553 4439 8643 7244 1080 3219 6097 1336 7983 1751 8654 795 7937 
18 1269 9702 2105 6698 1985 74 8945 929 319 8218 5470 6042 8513 1885 7063 9688 2177 3207 
31 5769 2828 2791 5006 248 4228 9681 5690 775 2260 3465 3731 5134 683 9490 6861 887 6176 1727 1749 6124 7247 5414 5912 8880 3143 1802 8152 3741 3064 3883 
35 6418 7553 9078 1200 4050 3921 5779 4704 5088 5405 2809 7508 8562 275 2373 8289 4264 5767 5097 9661 4025 8946 743 5022 8977 706 573 2807 7290 60 5345 383 3522 4883 6819 
36 5324 9996 5017 9002 4544 92 6280 5170 5100 5160 7829 6925 8148 8491 6722 3328 2614 9779 5117 8129 2950 2068 4276 4619 3736 5257 162 2514 5231 3695 7495 1808 9147 2298 1472 6127 
20 1978 8786 8823 3058 506 3054 2696 9684 1862 9249 9337 4173 4468 7388 3332 7571 8422 4337 9004 6170 
22 7965 6404 3572 8198 6718 5566 4973 9341 7135 9044 5597 6790 4122 4175 9399 3324 7833 9771 6323 8482 1892 7393 
22 7561 4794 8835 2881 9738 161 8228 6484 9054 1393 3561 3597 6743 3847 7757 4135 8810 5513 8468 360 4606 5538 
32 8204 8573 7870 5158 6133 1189 4858 2054 1531 2901 4856 2332 5464 9658 2148 3331 8336 1388 8469 1950 5286 1829 6835 5493 8663 1495 8487 4723 9215 1290 263 9304 
21 4839 5213 7104 7355 6904 4453 5664 90 8599 6382 3563 4737 7421 6330 7317 3683 1128 488 5342 6258 9829 
25 5300 1372 9974 4467 458 3694 9908 575 3316 2139 4407 4878 9470 3738 7419 6709 8496 878 7908 8356 5197 7251 5130 669 1087 
15 7109 3729 6184 1345 9939 1926 2567 3061 6315 3382 5742 6015 9878 9354 4538 
26 157 1637 1874 867 9950 8103 6905 2557 9826 946 8656 7914 8628 2348 1806 8936 7212 6632 8660 6259 652 6302 6373 5623 8278 3346 
23 9325 7180 6741 8784 2382 832 3232 9836 7569 1979 8760 3285 3992 3213 2159 3072 9863 7556 5186 4727 3187 3889 1018 
31 2883 5358 7406 2495 5756 5799 9537 2665 4636 4163 9849 6181 5317 1914 7353 5577 9683 4036 7486 6637 5430 4448 2575 1526 3273 5515 911 3612 6093 5458 2755 
23 6901 8566 4720 4957 6648 7856 8737 3434 7532 1433 1897 866 4569 7189 7741 905 6687 5612 466 7902 452 9746 7432 
26 5192 9920 4003 2409 6512 1256 9357 7037 9441 6211 2375 9270 5313 1854 9686 654 2416 5365 269 4860 2165 6631 2210 1514 5361 5125 
15 8395 2006 4836 2591 8394 8859 4672 7213 1739 8657 7977 2253 7281 9782 1931 
13 7227 9152 2087 3446 682 9914 8235 1848 2301 4077 9608 1522 4725 
17 6115 3008 9030 2031 4007 5982 6154 5277 8754 4576 2705 919 5776 9280 3792 432 7601 
33 7318 4437 2401 4686 3022 5036 7041 403 444 8800 4871 4937 8072 8551 1308 7007 1314 214 4369 4694 4529 4004 3401 1678 3506 1089 3937 6092 2968 5871 49 8321 2448 
17 1528 6269 3891 720 9252 4981 3592 8650 1027 8592 4192 3297 7850 8341 4996 298 7460 
23 5717 7638 1240 4658 9538 6244 81 193 7415 7793 5208 561 2837 8169 9183 5520 5478 3837 9266 4570 4779 3480 2813 
35 8179 3029 4761 4869 8128 1647 3057 552 7245 1631 1968 252 715 2174 3862 6238 2186 6174 5611 2708 5427 2493 1811 765 8756 413 5337 1219 7087 7008 1425 1570 7289 2130 3204 
33 88 3918 2915 3490 5182 7884 8529 6597 2515 4353 5998 8901 3722 8935 293 5220 4597 3521 4754 6372 5270 5118 1270 1107 3548 2812 2594 6685 9646 9014 635 8008 4799 
25 6694 2230 1260 7174 7548 5409 4872 9222 7301 7971 6391 7967 2042 2740 3241 3009 1078 7773 1582 5051 5735 5964 4295 424 3313 
22 6912 5994 7197 6677 3750 2909 235 2535 6873 809 6565 9175 8526 3018 4889 2801 9672 8056 99 648 4189 807 
28 9979 2538 1208 9082 4824 3039 8140 5104 2443 1125 414 1901 8317 1671 359 2688 8896 1856 5468 6691 1196 9161 7658 2637 3492 8888 5798 5376 
21 5086 817 5517 8285 830 9182 3721 708 9539 2866 589 5979 101 68 6411 9260 8943 4611 70 5714 7093 
36 8518 8149 2512 3991 951 8042 5428 8037 7595 1859 2680 4406 9056 2151 7368 510 2700 5183 1502 6754 3545 8013 7591 1329 827 1916 1268 6551 5740 1915 7744 3715 4759 6481 144 4120 
30 5402 1013 3821 1206 5679 8026 8550 7627 3377 3748 8669 3152 8442 1469 34 3481 9531 2028 4923 7185 4480 5015 4422 6535 7268 6317 3734 9210 845 2773 
25 7711 6804 4502 2216 8831 8546 8038 3031 9479 3277 4947 1566 4152 7616 3590 2459 1049 6427 1153 2472 6343 8891 8279 685 6494 
24 6263 9402 3017 7444 3635 5986 4632 2719 6117 6249 8354 1007 3034 7688 2349 4083 8183 491 6979 1141 4897 759 7766 2225 
27 9563 2147 9164 6446 8187 1324 1023 5083 2175 8415 9250 6008 8729 7543 814 1423 2572 8466 6797 1244 4721 2574 5432 1825 1837 2502 9281 
27 4679 4944 7915 1561 196 8268 4843 5364 495 171 9862 8954 4478 335 9047 5206 2258 5800 6236 6731 5972 822 4735 1454 8612 8178 3386 
26 6689 7709 3849 3462 5955 2577 5135 4709 2810 3429 408 3776 4988 8958 9447 2215 798 4603 6586 7053 9814 5429 7297 7748 5312 9176 
19 8728 5875 457 4520 6793 736 5929 9643 9185 6414 5728 2892 50 9389 5255 6935 1284 9831 5672 
23 9675 9851 730 9353 3583 8367 4713 178 2884 3203 294 4247 5221 8494 4394 8064 6527 6349 2554 3080 3378 6465 8210 
36 9752 109 7471 9191 5507 4703 6710 3036 2059 1565 1725 1595 6268 1198 1203 1861 3534 7781 1034 3919 9423 983 8050 5570 9501 8751 38 6183 6828 7158 3460 4995 8508 7985 8898 6342 
20 3693 3557 4953 7278 2406 4989 9268 2052 3454 1328 6047 9136 7588 2197 6697 528 3598 4738 9455 4557 
23 1105 9763 6325 8197 8438 7327 3244 420 5483 5993 681 9728 3177 2369 4599 7437 5407 296 8717 5485 757 6931 2818 
37 5970 8021 150 2036 9492 9135 6247 40 9553 2548 8988 9994 4768 5958 7819 6858 859 9877 4963 9111 8280 6126 6869 2820 3822 9126 9443 3882 8924 3015 1133 6598 6844 131 9781 6676 7733 
27 19 8489 1852 5205 3830 7737 7442 7494 1474 2011 6579 2966 3496 6775 4002 774 744 4715 5851 3337 7030 5916 4680 2249 5673 4375 218 
19 5885 8024 7637 5686 7193 660 7479 5279 8968 8821 1707 7280 1713 1085 6005 349 1408 5494 5293 
26 713 8459 4349 8093 3537 5628 4119 7503 6999 538 8911 9462 1050 6612 7099 2552 7976 1696 4748 1687 7868 3642 4022 3252 8959 1562 
18 769 113 8848 3263 2573 9021 7923 3711 7736 7518 8114 6725 9467 12 4531 5058 3069 8331 
28 5335 6662 8224 1580 8772 7994 4123 5087 9896 7339 3476 947 2137 2945 9671 517 742 1789 9509 367 9373 8866 2550 1095 4273 1758 5253 3969 
29 3371 200 2783 6340 8191 4930 4400 9151 6907 9192 7296 8974 4590 6043 7552 9442 1889 6086 1451 8172 5826 2811 6355 2446 9808 5131 9301 5653 6650 
31 4601 8630 3236 7428 5307 9100 1152 6784 3793 4552 5792 2898 1292 2086 395 6821 6312 122 7707 1933 2269 3198 4238 6646 7 4609 6640 1478 4180 9555 240 
14 4078 4255 9557 2180 5344 2288 7635 9740 3071 8982 9764 4296 2322 1003 
15 8310 567 7117 1524 4657 4024 46 7068 7207 4796 2759 3106 4054 2329 962 
19 3855 1113 533 7190 4645 8595 1081 7769 9741 8830 6452 6038 4469 8825 2521 2259 6273 6576 3679 
38 9581 1635 277 4299 8991 982 422 1613 9075 7445 7604 3798 3790 1638 8450 7823 9103 6444 4912 4970 3747 3395 8081 9762 4341 8457 6095 6040 1070 7170 4444 2435 5617 5439 2683 2456 778 4432 
28 1305 477 3989 4048 2220 1179 5323 4634 3673 5256 5201 6059 7363 7403 5168 6131 7201 5165 8392 4254 3125 6760 8964 2629 8195 5395 5652 590 
15 3167 9459 9848 6014 7897 5128 2615 5997 3941 8635 9521 3914 5922 1969 2411 
18 3692 4511 655 210 2937 8806 1168 6593 2407 3782 4566 9287 788 9067 4901 82 7758 9472 
39 84 3596 2742 5732 4035 5642 9923 2745 3418 4497 4227 9288 7564 5074 463 7381 4654 8916 7440 4487 4518 4136 9630 3391 1719 6560 7500 3344 6531 3515 3056 6933 1938 3349 6715 2794 7356 8710 7058 
18 1005 7575 9230 8431 1217 261 2190 5675 4461 5383 9786 3639 4816 9344 5573 9609 1909 8870 
20 4379 7768 5347 9949 5241 930 1246 17 4978 7340 8381 2494 7661 4684 4187 7439 5103 1764 9528 9359 
24 3457 7129 5890 5090 6984 7492 7284 8516 2595 4198 9239 6803 9957 6224 9518 4015 9519 4303 6108 927 2211 6993 5057 9736 
25 6952 4586 530 5425 8419 2639 4065 2343 2359 613 5000 8357 6276 2342 9414 4193 6275 5075 3727 6096 2287 5874 7123 1653 9131 
29 920 5808 8449 5025 7086 2934 6575 3778 1160 7271 8895 8624 3404 4979 7944 8873 7385 6755 7333 9802 9081 6214 8389 8919 2458 7880 8156 5318 2664 
20 3654 6684 4608 800 6522 1953 5396 9933 1828 6299 7855 5333 2380 167 4956 526 1366 7696 2985 89 
26 2009 8203 4875 1508 9872 1845 7777 1738 3227 2412 9682 9866 7160 6215 4524 9883 1162 1577 3192 8765 4199 2734 8923 1983 9753 1887 
31 549 3833 6601 9678 8523 3952 2107 4559 1071 5172 3141 9955 6891 5849 9506 7124 7598 6267 4900 8065 3933 9468 6768 2625 4589 1801 8867 108 6158 1293 8862 
35 5598 4208 5748 8521 4404 2041 2952 2900 9127 2394 9964 9228 8373 7149 670 7547 8906 9967 8283 1053 8003 4936 1657 3132 8570 8677 1877 7523 1600 4968 3677 2185 1865 2410 5586 
32 8329 3138 199 3680 908 4884 342 3007 2228 7865 6519 7566 639 1031 9163 8532 1538 6055 1124 7240 4182 1238 7084 6723 2902 5867 6358 2013 1350 5977 8770 5504 
31 9084 9666 6255 9680 3565 4938 3663 85 6618 8485 4775 1790 5959 7383 2284 9870 3374 4395 5595 6937 3087 5275 5066 8180 8685 7307 1658 637 3571 587 7410 
19 423 7156 8979 608 5562 4965 5099 8099 3967 6292 4747 1154 22 4000 9055 9788 5115 2481 1545 
22 2559 9090 7574 7874 3783 4914 4555 7263 4384 8782 1259 4046 7414 2104 7624 6375 1029 4471 9997 7219 3719 3723 
31 5406 7108 3393 8956 4302 8659 6987 2417 8126 9879 6459 3406 3234 6509 9009 9807 4655 3953 5989 8712 4707 7159 4284 2450 1645 4126 5647 758 4790 8375 3120 
28 8703 8302 5771 8803 381 1910 9375 2160 2320 9928 9424 8798 9324 8721 5472 8872 1501 78 2445 5272 4519 341 6148 7215 4909 472 3589 4124 
29 4829 8413 7488 2601 1800 4330 4033 5911 8009 5274 9363 363 7725 632 3059 1401 5938 7022 8405 2929 2775 2503 9013 7052 7163 797 9369 1677 1318 
27 3607 2788 1955 802 6316 5620 6498 6969 2771 2817 8378 8719 9843 8549 8565 9755 8778 5736 4952 5328 4294 7660 9922 4861 259 9507 7789 
32 9020 2324 5369 1527 1518 9524 8110 8176 6744 6806 1317 3154 8437 1450 3756 470 4001 4771 6554 6972 8012 6100 1607 9036 804 3872 5685 5460 3871 6973 7649 2964 
19 9504 8067 7538 1882 1057 8015 6471 5401 4678 653 1156 7218 7530 3787 4841 9446 9025 566 5953 
28 2429 8932 6457 3424 1010 3083 3966 4409 2653 6805 2543 2875 3466 7857 8871 9299 7147 3320 8358 9745 2372 5928 8834 4510 5239 9977 9311 8122 
14 8342 9503 6563 7092 1381 1416 1964 7292 7839 9181 7760 4052 5474 9097 
28 541 696 6239 5621 1884 1245 3124 2578 2602 5526 7234 544 7609 3292 2109 3351 9821 9233 4289 2150 5840 6145 8315 62 995 6616 6914 4069 
27 5860 8787 5654 2780 7085 9620 376 4070 1236 7999 2398 8314 139 5590 9119 1957 1895 323 5127 2460 7509 1903 7269 3180 3780 9940 6191 
25 6656 3005 6164 284 4613 6526 9576 2355 4274 1947 2910 2383 6619 5583 8470 5444 5594 588 3166 5146 3287 3676 6968 8372 437 
35 6541 9869 6503 7208 3194 5952 244 886 7805 3843 4117 402 4472 1771 518 2506 8745 1229 7969 7095 8623 7545 8443 5200 9066 8769 5030 7204 8441 5209 8602 4079 1327 1261 7795 
22 4059 2297 7778 5608 4426 1747 112 2478 2204 9489 9924 2792 5634 9887 4610 6950 4310 6569 4185 3218 5415 1558 
46 4143 8783 8020 3947 2537 1272 3270 611 7209 2919 1745 9962 8984 8164 485 4800 1364 2179 1598 6443 2 6713 4219 618 5651 3045 9237 8361 6707 8387 3935 5605 1775 7254 1732 4640 460 8983 228 2746 7597 8275 4918 1581 7069 224 
26 2869 3196 1734 8382 7557 7152 2984 9440 542 8051 2402 5864 3416 6171 386 4259 2099 2533 3301 7589 8355 1303 4242 6212 7527 7223 
15 585 8458 4154 507 6399 553 8953 52 355 6591 8753 8944 9903 6143 722 
22 1066 4056 7891 3795 3114 2181 1762 1553 379 6808 9474 2504 5180 7506 7023 3890 2262 1868 5833 5978 3335 6518 
35 6456 2838 965 3602 7567 172 5351 6538 8504 7239 5452 9238 9420 4667 9800 8136 2808 9026 5350 5705 723 8734 1766 7639 7981 6194 9590 834 8515 4633 7885 2583 4905 5616 8119 
34 9283 3990 9487 782 2731 751 5050 4593 3439 8028 1539 8661 5704 8524 6442 3495 5558 9835 2451 2728 5585 2222 1975 8474 237 7845 6992 2779 6826 3814 5410 810 3298 6 
24 7862 5815 7150 3986 7796 3714 8576 6137 449 6332 3448 8234 8776 8975 1917 651 9525 5129 307 2886 8216 4157 2864 5646 
20 6039 5941 4802 8105 3428 9142 4251 4789 4730 450 1409 2476 2092 5624 9601 2193 7476 2090 1306 1646 
25 4377 5881 1228 364 2769 4263 2959 6799 1073 8270 8165 2739 6385 9102 337 4581 5297 3558 4431 4563 4383 3529 7834 5446 1439 
19 9207 6843 6123 842 3202 3300 7137 5217 3376 2334 2158 3151 1616 7029 885 725 2588 5447 9910 
23 24 789 8464 6173 4326 8243 3867 5123 1568 2229 255 1283 239 8049 7106 6600 1816 1971 4837 6549 9693 2408 9915 
12 2695 5480 9366 537 3709 362 1184 6606 421 6958 1456 1378 
28 6831 6110 3461 5887 1111 1349 8190 2173 8645 1117 5105 21 8688 2729 6830 8813 786 1171 8161 577 505 8900 6516 9343 7324 3868 9451 5891 
22 1097 1406 9813 8351 9485 1755 8379 3290 7633 4491 3499 130 1584 2874 8904 3077 894 3962 2430 8139 2806 8430 
24 3149 3197 6159 2626 697 2539 8554 3116 2209 7941 6737 7316 4564 9838 7525 7266 4562 4692 7790 3508 2263 7852 8730 6870 
23 9121 3959 6167 7094 4982 701 4097 972 1650 6938 9204 2872 7332 54 2194 5469 3250 2908 9637 6052 3858 8098 6479 
18 268 4233 3188 6021 3319 7438 9858 4356 6094 1785 1629 2279 2785 7362 5141 9747 455 6795 
35 1353 8271 8715 2904 4064 6186 2570 3701 8937 3775 5400 9652 8664 9881 3271 8017 399 2633 6908 6617 6854 5877 8971 1632 160 4708 9904 2795 9891 1059 9773 9129 4778 1939 3618 
28 2507 2123 3426 5892 5511 330 2217 5169 4433 2958 9667 6437 9362 3645 2341 2805 4265 9244 6543 1596 8632 4361 1225 6368 4257 3718 811 1139 
14 48 6053 3614 5250 1424 1394 5102 1286 9295 5059 6782 2238 4911 2597 
30 8559 2296 2520 5996 4196 318 208 8642 9364 4588 2532 3796 6204 6469 3961 8584 7674 3820 7771 6109 3268 5276 4434 5814 2888 3041 662 7906 327 5841 
12 9698 1794 5500 601 2235 152 5091 5479 2499 5152 1936 6018 
26 6663 4260 2711 3068 9382 7934 572 2434 5082 7315 8585 7931 9319 3761 4086 7909 3809 3733 3633 900 4445 9095 1614 8690 1207 4042 
17 2384 1411 1982 4188 6318 305 4102 2619 6230 4548 4367 9339 9759 390 6991 6521 4091 
29 741 9405 4885 9412 3381 7940 2694 9767 1310 4316 7454 8143 3980 8039 2420 4155 6532 9855 5078 5643 2002 8608 1549 3950 3886 9184 2961 3012 3279 
21 2176 1320 5872 4429 9697 8495 6758 4817 7168 7550 5795 426 1520 8639 6890 2624 8238 9296 4162 3791 9638 
27 489 9452 2782 8747 5751 6270 7642 4724 7048 2065 6386 6800 8788 3926 5759 2317 5378 9178 8702 1662 1812 8174 3762 8404 9214 5944 5108 
17 8670 9231 174 6720 3815 2201 1927 4380 1507 6193 5024 8089 540 3238 6080 8001 6221 
30 6965 6669 2338 6023 8412 1415 5009 1016 698 4651 7288 3011 4852 9629 7723 815 6464 2471 358 6254 2427 3658 3716 3600 2070 8411 2157 3126 2172 8377 
23 7088 2074 3325 5043 709 2045 7837 7515 4031 3946 7078 2534 4248 7755 492 932 6449 5251 2064 4886 1544 4568 3812 
29 4214 4848 3375 2000 9617 5366 2556 8820 6104 724 6820 4368 1690 8473 4932 6555 7670 6395 5707 1216 1374 8046 9540 2598 8648 4741 4 5273 9380 
20 273 3708 7924 8502 9001 4329 9699 496 9695 1413 9098 3944 1881 479 5489 2764 937 9454 749 4127 
11 9256 2128 7103 1896 6067 3225 3389 3523 888 931 4818 
17 2327 1192 3269 67 4851 3201 279 6940 6975 7331 4876 9653 7652 8966 6506 5765 820 
35 8731 2426 5516 3666 3051 1686 3117 3261 821 1309 2156 2846 8446 484 5692 9085 7090 1850 3101 534 3628 5271 3844 8241 2303 9756 9107 9713 8625 7485 8223 8142 3819 926 2819 
31 606 1838 8073 9579 3623 3829 2907 1428 2935 2437 2213 2308 7966 6289 6337 7155 2542 4612 9995 1099 9088 5461 4551 7395 5731 8168 8091 9277 2449 2618 1948 
18 7463 6607 6245 6615 6026 8671 6213 8909 8687 7573 5700 9810 3163 2887 4691 1633 4160 3043 
31 219 2738 5113 166 1674 8346 7243 6634 3539 5157 6777 3353 1373 752 3587 858 3834 1032 9973 6792 1127 7740 7676 3576 2252 8877 9024 6364 8941 1547 4955 
33 2941 5237 8254 7710 6814 2585 6407 8970 6476 1872 8312 4832 2021 5786 5308 467 3841 4578 676 2712 8889 8720 605 4215 2855 7359 4967 8205 1809 1052 8939 4350 1304 
24 4309 5332 5764 5101 4921 7594 953 1911 4718 9783 3573 5992 433 8025 4420 4146 1484 5290 2827 8503 6461 8363 1001 2586 
12 6724 5983 7791 3595 242 4712 9293 1839 9663 4949 1961 3690 
24 8698 5227 2357 1421 1977 3366 1352 156 5910 6103 4282 4772 6462 1761 1065 4359 1035 6960 6482 5202 7138 3928 5398 5244 
37 4150 8426 498 8079 8796 3879 7364 4344 9505 249 5040 9574 2078 1814 9428 2611 9930 1535 1449 6588 1505 2038 3806 5772 8558 9551 504 3899 2704 7739 792 3095 9797 7409 1951 9937 5063 
25 2432 1384 8978 5663 266 7922 8298 2954 4244 9859 3450 6769 4073 4138 1744 6383 5924 8626 9692 9703 8861 2421 6978 2845 3569 
29 8102 4207 4376 7579 7019 353 3155 1716 2397 9106 9143 6708 7077 5016 2344 1743 4621 4681 9572 7345 4051 717 3504 7821 1899 756 6635 329 8740 
34 4008 1332 1651 8448 1963 5650 8273 9165 5374 4971 2989 7654 65 5804 9758 9709 5184 6608 7802 1606 7656 8196 2974 3223 2510 7487 2853 5121 4896 1813 3923 8385 4683 6152 
32 6670 3170 9316 41 2399 6413 6739 8368 6705 5422 7203 8938 3524 6098 5451 1045 862 5301 4539 6974 3139 6122 3968 9674 3920 9945 5985 9861 1585 9120 5637 1020 
17 7936 6251 7309 9248 5824 3691 9611 2234 9300 1656 1339 9921 7374 5150 4962 5848 557 
21 5304 2233 4200 1267 3191 7628 5584 4605 9234 1062 9346 2486 548 2379 1112 955 7953 9714 8424 9766 2208 
8 6916 1414 1689 9927 3088 5081 5974 1344 
31 7040 1492 7248 9951 6856 2470 127 7643 4776 5033 7830 3752 7004 5880 4809 1275 2340 6205 3567 2685 813 1056 1440 8408 861 8132 2310 3343 8647 2698 1343 
10 6403 2291 9284 4249 6864 5247 1037 5852 2500 6753 
33 4948 9751 9710 8555 1182 674 6121 1248 5569 1875 7231 5411 6726 4825 2854 9727 1116 3568 1382 3283 7982 8922 2752 5648 988 7980 5531 1149 5044 9793 6981 6073 2203 
29 5445 4693 1869 8133 2825 2171 1480 1282 4072 5133 9023 3 6513 4567 7871 7528 3158 9839 6050 373 5454 8894 6341 148 2145 3931 8249 7011 3097 
32 2917 5572 9631 9575 9064 4643 3169 5382 1197 8244 3501 7462 3902 7743 149 1920 2560 6801 7031 3706 6577 7157 9772 1552 1617 4813 8910 9775 4424 3518 2243 5697 
11 7455 3608 7926 2444 6165 434 5565 8673 3130 8824 8397 
24 297 3384 6836 1830 4020 3789 6222 6491 5031 1891 4734 5559 3339 6578 8343 8863 8281 5850 4847 2367 6309 5331 6732 7522 
30 8189 1177 211 6279 7873 2972 1166 6883 5039 5073 3449 4985 2364 42 2913 6667 8907 3764 7858 7774 4253 6084 3835 3604 966 1419 4172 4649 818 4145 
26 563 1004 3314 76 2037 6447 3065 278 7260 9091 6859 525 4389 3001 7667 784 9008 246 8707 204 6534 1278 1288 5937 4332 5631 
18 6822 5856 8207 5240 3026 4887 3774 5947 2029 6623 4116 9857 5609 5897 7283 7603 5147 3887 
19 4094 7188 1512 9890 6425 7690 2178 9647 1110 7697 5064 1464 8540 126 9571 8153 6734 6686 9569 
32 9291 5491 47 5917 5263 292 8876 2240 9639 3085 272 7763 2844 1832 5561 9732 7942 110 346 9115 2083 9271 9953 6011 480 308 7606 1043 5718 2457 5046 7472 
19 6361 3655 6536 9314 9497 7558 2969 2565 9789 7392 4916 9508 7990 6661 2328 9041 165 1517 9520 
17 5868 2642 3938 8192 6622 7130 201 1740 5747 4740 2030 591 2239 2081 2826 270 4793 
28 4058 5282 7312 2245 1460 8173 9159 8560 514 5310 5465 3173 3924 4840 2024 836 5925 841 3483 3577 8498 4868 3898 9198 5455 980 1082 8171 
16 303 7082 6765 1628 9130 6762 9272 2525 1193 808 9298 7384 8646 4646 1546 9827 
31 9140 6752 1218 9804 559 5622 2453 2035 5001 9584 3845 779 2154 5004 9278 4382 260 1567 8763 2876 850 9323 8461 7851 5438 4169 8714 879 3797 0 1722 
29 2020 4877 9559 4285 3566 5830 2652 8542 6161 9882 5302 3432 6678 134 7734 1371 7786 6572 2816 1092 2890 1126 411 5246 1231 4134 6943 6365 5173 
18 6228 9495 854 4639 1880 451 8771 9932 4216 6354 7144 8619 4556 4315 5839 9494 5436 6350 
27 9679 5948 8376 2681 2566 3200 6742 8989 4481 1886 9564 4744 516 3874 4787 3498 8097 7620 9358 9542 7860 186 4804 8738 4517 8596 8722 
32 2735 4661 7255 6818 3906 7692 1487 8695 374 4699 3373 3896 5356 1752 536 2804 9513 2561 7788 8115 8676 94 7272 8522 6894 6428 7827 9051 2970 4418 5533 8490 
32 1040 4673 3445 1913 4986 1346 9809 454 4074 7647 3661 274 1468 9224 7321 6020 6530 3136 7675 9342 3768 3183 9332 764 7348 7705 1952 7184 6998 6088 5232 4987 
25 4494 1697 4088 1863 8445 6643 3482 2790 8644 1429 2048 3372 1061 5614 1358 2763 2483 6688 2529 145 6702 1935 5817 2608 9172 
31 3025 5615 5636 439 4016 2333 169 3477 8785 1864 6197 4722 9998 2400 2268 8544 8961 9480 3913 5320 973 7622 9522 604 192 2638 5281 9909 4446 4013 8154 
20 4842 5034 9385 1430 881 7066 3909 9623 4224 5163 7065 6581 8127 3484 4925 5498 2951 1841 1254 8847 
29 2313 6485 6740 1252 4806 7211 1733 9276 2076 4792 8245 8160 612 9534 1905 6733 2396 7497 4762 3361 7360 6303 7979 7126 9206 3964 251 8865 3347 
37 3743 7320 6307 4080 7097 3215 7134 649 5915 9264 9303 1612 6201 5042 678 6939 3251 5600 6105 8997 3233 6948 6033 1224 9488 3582 1361 6626 3810 345 3464 7664 4363 4785 2821 4140 638 
37 5299 9649 6003 1186 3802 91 9561 6659 9817 7194 1396 8590 8750 663 806 3399 914 3352 3195 5882 96 5339 7060 5936 838 7596 4783 3678 5056 8208 4983 9642 3417 4554 9918 231 976 
30 9523 190 5698 1655 656 1106 4171 9134 177 2377 7466 5632 9823 4111 9968 4125 776 4092 6996 771 3455 4322 1167 3684 7997 2306 4321 6595 6919 8054 
32 5902 7114 493 511 3502 5853 1453 7555 2164 7145 215 2835 7006 5154 3027 7177 877 5360 2285 2283 6227 6500 5509 7181 4132 7959 8369 2730 1312 7112 7017 8019 
29 7957 9845 3398 7682 3326 7693 9388 4113 9074 1679 4685 3463 7672 3256 1340 7583 5589 8875 6370 336 418 5145 2725 1481 7905 1301 5434 707 3259 
8 3030 7631 306 5475 2528 3848 2770 6185 
19 6706 1605 9137 6206 7000 2635 4297 1667 2981 2330 7822 5372 9694 1461 3341 5084 6766 8000 1559 
26 8950 4665 2649 6703 9180 5866 9466 1523 2108 3930 6333 2272 4470 9593 7024 9403 3511 1974 5175 9899 9122 4917 5363 5820 4797 4417 
12 9847 1973 2290 3230 694 6763 2991 3360 6791 226 9076 7621 
15 7005 5359 4863 3453 6480 578 4206 1855 5762 9338 2946 667 9123 6917 8022 
25 4758 6004 4011 4358 4443 5689 6025 8068 9435 3917 3897 45 4755 7242 3803 522 5657 1665 8724 9169 5760 4695 1210 343 939 
35 583 4873 7230 5954 5627 5495 6313 4331 5847 9980 1348 1639 2281 3757 3846 7701 8475 7125 4512 5419 487 745 8399 917 2428 9760 1380 7681 7803 1202 8797 4540 8226 3514 4846 
25 6900 6189 400 4246 417 1102 1294 8597 5579 1475 5070 2693 1592 5340 2861 4549 9456 5739 3960 1183 9360 9189 9936 828 7375 
