29 466 8098 6372 7628 4188 3255 8355 237 128 1516 6237 1930 3536 4018 3954 3695 825 7981 725 2876 4098 7980 9402 8254 8552 3068 797 6518 5786 
29 4032 5383 8216 4669 1098 1982 4985 455 3945 5793 5646 1338 5341 3254 7467 7234 1414 7840 3914 2950 5860 7539 8271 2013 2946 9837 1810 4298 7496 
29 9307 1675 9441 1792 3629 6720 3292 3052 650 1804 1447 5102 8322 683 2900 8516 9176 1418 6511 3528 3896 6164 9374 2041 7902 8109 6382 2812 5721 
29 516 712 9014 7382 3606 6786 2355 7 8186 2681 727 6623 8066 594 5794 6547 1545 3751 7014 9541 6994 6034 3969 5243 6033 6941 9550 3993 4590 
29 5956 1356 2111 9360 3214 631 7096 3016 4311 4763 6292 7781 2748 4380 6594 8690 7095 9950 8807 3810 6855 3126 9925 57 9091 7859 112 7061 5935 
29 2634 5143 765 8892 1794 2798 2123 9235 8757 4839 4621 1396 639 5354 6306 9180 5699 5203 9599 3609 7621 8456 9109 9070 3390 8291 1148 4037 4698 
29 2953 2765 3488 4427 2621 7672 7333 8589 7538 6810 4250 750 1204 2257 1224 5813 8007 2834 3929 6946 7826 1227 5992 4708 3596 2423 8214 2859 7251 
29 3171 3749 4475 5500 2323 2691 4069 1833 3537 1766 9892 2737 1619 3981 8878 6274 4539 7588 3350 6188 1533 803 387 7991 4231 6067 7730 4761 6759 
29 3578 2101 1051 6610 8634 7462 2902 1497 5013 957 2618 4683 8956 9908 4182 2624 715 2185 5626 2824 3002 2311 8206 8554 6343 1401 3800 3167 4734 
29 987 8028 8050 9798 4543 8463 9519 6646 4991 524 5155 7883 8567 5689 3241 8033 9829 993 99 2755 372 8083 4319 2650 1371 1999 661 3156 2250 
29 6215 7952 807 2527 6842 8041 9572 7740 4257 2339 9108 9509 6366 5254 7851 8234 8746 8351 4883 6799 3936 7729 1109 7482 4528 6334 498 9660 6100 
29 9389 7718 5375 5919 428 9649 2117 593 6535 1036 5652 3699 6113 6493 2486 4177 4001 7841 8930 1897 5923 9851 9710 2522 3393 4809 5841 9012 2512 
29 6071 9597 9547 35 5096 5704 4186 9122 5787 7782 7668 6094 6472 7013 2178 1915 971 5555 7062 4274 3997 4567 8652 7785 3094 5643 60 1617 5267 
29 7780 8778 4402 306 565 5908 6751 423 1970 1347 2125 1745 8449 7011 9497 9359 8141 1305 6687 8480 9954 2959 4006 5871 4853 9849 9231 6322 2439 
29 1126 3962 5325 7950 2858 5162 1169 7646 1291 1368 8054 4825 9701 7465 713 1278 6514 7698 322 3220 4422 5779 7092 4294 489 5445 8869 7341 8443 
29 4243 2167 5957 7249 5269 6604 7302 9270 9191 7887 1276 3833 3017 1427 6245 4292 1691 886 6491 6201 5213 1498 9059 9357 989 8116 7692 8824 4791 
29 1724 9351 1290 4966 3753 6739 3198 3727 1448 4755 4732 618 3417 553 9174 8706 6735 3723 3397 1300 7827 4607 1078 9346 6565 4619 8650 7304 4956 
29 8489 1081 8517 2158 3730 2738 7411 810 337 3415 4432 5484 7124 4465 9149 7225 2216 5418 3082 4280 8090 785 1092 2474 7918 2556 5095 2770 3027 
29 5964 8593 8092 2143 8481 5200 4721 9558 2516 5347 4889 3379 2870 9613 9479 3013 3328 4049 154 7709 4728 5431 2102 783 3733 3834 2032 5597 6315 
29 283 4419 8865 13 8269 9289 9035 3572 4917 6383 7080 2110 8569 583 3726 263 2880 1423 958 2479 1965 931 4479 4368 7998 7184 3500 4765 4161 
29 224 1669 4831 2077 2862 3033 8547 3649 9291 1634 4222 2484 8948 672 11 2645 9295 6443 2177 1679 8623 7711 9657 6787 434 1854 9650 1097 6427 
29 5629 7562 1693 6660 1950 23 1657 991 4364 3983 9383 7736 4100 9442 2501 4770 2881 2325 7745 773 1008 8867 1358 6615 3451 8591 3947 1096 5978 
29 8982 1726 912 4783 1867 2262 8407 7342 1893 6035 9251 8171 8161 9748 3637 2392 2663 4142 2256 5872 9218 8681 6835 7674 3790 585 1271 8961 5859 
29 167 6919 9566 6722 8968 6501 7576 9381 8777 2831 3750 2792 2136 104 6378 4267 2713 5625 8403 1927 3374 1234 25 1535 3297 7855 8880 9685 3384 
29 6284 2341 2086 7608 1808 2480 9548 3670 2336 9997 454 5989 5470 1361 4705 1470 4782 589 8799 5343 7552 6924 1075 8697 9414 5866 471 9883 3731 
29 9177 9489 669 4022 2259 916 7100 623 4722 4240 5648 9590 8804 447 1188 8134 9672 4513 1658 3614 3907 9515 6927 2612 4358 4238 3904 9985 9804 
29 1366 3985 4302 1653 5336 1196 2354 0 8075 9848 7363 4438 9433 227 896 5993 1190 3559 5297 5820 2430 6009 3269 3460 9555 9058 86 8985 9112 
29 6595 5739 4324 5404 1900 1720 3218 3463 242 3748 3262 1692 2860 7544 5314 8051 8549 5083 185 5900 6667 7146 7242 1997 2640 4999 141 7654 4655 
29 1073 9669 7685 4726 9036 4793 1201 1729 2986 7763 6128 7659 2067 9147 975 1426 2043 7226 826 915 2911 80 6620 7970 7878 2097 8048 5881 8130 
29 2135 9095 8752 2576 9483 7847 3483 3282 9537 5740 2105 8217 483 2702 6690 2307 3872 5417 4154 6803 7322 2267 403 5187 2475 4209 8700 3987 2151 
29 7163 6848 5480 7276 6321 4914 9245 1704 580 1700 209 3600 8118 3162 9675 9040 2397 5222 778 5011 5047 6267 6069 3570 109 9709 845 4378 1641 
29 281 5762 3388 1707 1067 5902 4301 68 8618 4955 8314 9379 290 535 4830 119 6375 4491 8646 4563 6685 4651 591 8283 1932 7843 8954 1461 6658 
29 7694 5051 6852 8907 7430 4742 2706 6614 9173 4287 3339 8622 3300 9673 1141 4644 3710 7704 6121 2550 4173 2265 5460 4993 3465 6901 5068 3778 3203 
29 813 6733 4276 1212 3473 9514 1495 7806 7775 1903 6934 2371 4170 1680 643 1947 6721 6168 2337 8135 1608 2142 8529 6833 3106 549 9207 7748 5436 
29 6224 8175 566 433 5583 1063 4397 5717 5232 9290 9865 6184 3337 8679 3756 7012 359 2200 4307 1116 7866 2223 492 1058 2998 5005 5917 8467 624 
29 1215 4730 2031 2429 8159 592 8157 7868 71 6229 1708 7712 8745 8533 6945 8802 8373 4714 2240 6723 2312 4099 9274 4447 2157 1975 4123 3944 312 
29 9025 2372 3169 1026 7294 6542 9623 3823 3356 1585 381 4083 9015 8571 782 319 221 3718 9455 4891 6965 8017 3633 5234 729 5104 1699 3160 1748 
29 3358 720 3816 139 1830 3189 9135 3583 3898 5800 4555 4195 8577 7112 4060 4072 9662 6476 1220 3664 1926 9786 2864 3706 1621 4723 3110 8962 6676 
29 7190 2771 7361 7648 3077 510 8908 4470 2577 1393 1499 8190 6436 8333 9661 7481 7561 8094 2849 3678 2939 5700 6809 6510 7624 1660 2857 8473 9246 
29 9488 3937 4867 4092 9261 8609 6956 2007 2505 5848 5723 9945 8787 2963 9972 551 7792 1543 9194 5601 8538 3273 4034 4657 305 3097 7069 5670 5707 
29 6055 4346 1255 3461 7639 9974 6981 5073 3074 897 5362 4203 5766 6923 7818 1568 5321 2790 1205 5156 9045 5409 444 1553 980 2088 3087 8188 4342 
29 2742 3063 3352 5084 9962 6983 2502 7041 6180 3976 8348 4553 3380 6597 7170 2109 6673 5221 3505 9539 5318 5914 6874 7459 8414 7262 774 4464 2273 
29 105 1047 1788 5019 2319 287 6556 470 2360 2584 7429 7378 960 9508 2732 38 8893 6959 3466 8754 555 9792 4932 3899 230 6666 2332 2987 4139 
29 6771 6262 2529 1247 2203 6987 2914 379 8340 7750 9190 9986 4398 7483 7871 8998 6176 2865 7603 8942 5920 3180 3038 6014 7307 5056 8493 7523 4626 
29 2893 2496 3434 3424 4242 6131 3072 3228 8866 6081 8936 3968 6744 6024 8606 7686 9888 2976 7862 3698 5245 9073 3905 8818 1034 1914 6608 8279 6068 
29 6190 2012 877 5396 9031 8133 5192 6139 3011 6731 3427 3494 295 5357 3744 6144 8500 2925 2316 2098 2626 3681 5214 9859 4059 7493 5332 834 9811 
29 39 2002 77 7896 2161 7443 6745 366 7938 730 1400 5951 3735 4521 9718 5128 7381 378 6707 102 1128 14 1105 4983 6872 4866 8730 2878 5541 
29 921 9196 2725 2469 6839 2201 5021 311 233 9723 8384 7673 7719 9320 8170 502 7805 736 872 429 4837 9600 6984 334 1039 3387 8294 9767 1990 
29 5028 4822 6555 7701 2068 9645 121 2114 3405 1218 129 9904 5982 2667 9247 3913 4911 5551 1571 1446 5152 2222 4147 8305 9249 6244 7678 42 1302 
29 8680 1146 2076 8341 2885 577 2530 7530 8444 1375 3242 6147 371 1956 4665 7910 866 2708 5101 7180 7256 325 974 7540 7373 5552 395 2328 6138 
29 9658 384 6569 4130 7045 3119 5887 8920 7202 3058 4207 7737 8107 8886 8102 3632 8323 4716 8933 9751 7733 5487 4634 2766 9242 5266 9610 1924 5473 
29 567 5671 8185 9900 8280 9968 6893 9959 735 3296 3293 5770 4160 8428 7204 6993 633 4340 3512 6254 7505 5449 6713 6102 5962 4040 2578 5225 7644 
29 4064 7670 9615 5313 6684 5123 6296 6000 5158 9987 2806 1027 7023 6908 439 1936 8498 7324 5041 2532 3547 6675 3977 2730 3341 6077 1015 9132 7815 
29 6492 218 849 5324 7993 599 7175 4344 7587 363 3942 4654 7893 680 188 1373 4440 7192 2983 8853 5416 6819 8771 8726 377 3679 5785 4396 4719 
29 1743 5538 5977 1918 5029 5330 8997 2471 685 1437 3408 8387 4796 179 7089 5506 2544 3151 7502 134 8635 3996 6340 9817 8661 5166 8367 4163 7008 
29 6002 6142 6495 6285 2571 3325 9960 6116 8738 7093 3144 3717 9978 3880 9101 6123 4786 6917 6814 8349 6090 5501 1004 294 4439 7068 5147 9678 1101 
29 6727 4533 7278 9298 4347 7151 8820 6350 6489 6886 690 1806 850 5673 5489 6429 9217 6794 8362 9719 622 9620 5000 6904 673 1467 3192 6264 8731 
29 5304 2982 2896 6371 6907 8205 2304 365 8427 6503 1526 6444 7817 5076 2954 2563 9827 3574 4082 2874 4777 8430 7494 3028 4594 1435 8842 2080 8854 
29 6280 8108 2813 2599 8160 1307 4540 8636 6075 602 3008 2089 8608 4467 858 6931 2291 5108 1610 2967 7691 8938 4827 2775 4519 2208 6672 4599 2906 
29 9545 4573 6709 5 8709 4113 5679 2380 889 9668 5007 4118 4575 2815 212 3549 1207 1775 4221 5002 1181 2467 3444 7537 6410 8043 2416 2975 4697 
29 1939 7169 6358 1209 8140 6484 706 3349 2290 6558 6816 1529 8252 5352 6788 9446 7663 5323 2373 2750 8397 1579 8321 4768 8887 3245 9544 3569 557 
29 7109 160 9083 6847 6401 6160 3023 9670 1343 641 1342 8603 2717 5261 9362 4460 3676 4023 1841 1786 863 3121 6232 6166 2214 3105 4545 8836 5457 
29 8101 5776 29 679 355 8526 9156 5519 7635 3716 7250 8295 1050 8360 6165 8796 9071 6795 1170 8244 480 2059 3869 1468 1245 6750 4487 2764 7426 
29 8976 9017 4458 2305 9698 7992 1465 2366 8813 922 628 4436 8531 4003 201 3720 1642 3006 9686 3740 3340 5526 9717 6716 6624 1574 5475 4887 6404 
29 8983 584 1104 3206 574 1133 4264 6622 8536 1859 5114 3235 9301 4684 8434 457 3134 9440 1576 2490 3712 1194 8760 9352 7350 4046 5410 7903 3837 
29 9184 4134 962 5442 1077 898 8781 3117 8250 686 3684 7267 9193 1397 4272 2038 2761 6364 9735 65 5018 4908 597 6088 1987 9340 8078 7066 8329 
29 2574 9439 2499 4901 6910 9582 5981 5201 7491 4196 5241 7955 1577 7153 824 1879 910 9630 4612 2589 1855 7602 5150 3818 1842 4070 9443 313 2061 
29 5173 6563 1478 4016 9498 9155 140 9429 404 4702 8056 8445 6239 4631 8617 3468 6354 5547 52 2951 1561 5589 2095 219 6157 9627 8014 9252 478 
29 477 9072 9832 1960 2710 6753 5698 2317 2653 1380 4376 9902 1607 3599 469 6958 2999 9909 7217 9844 3164 8991 8168 5176 3357 8819 6973 3240 3820 
29 853 1983 2555 2636 4360 9557 5098 8401 2898 4910 1538 8682 2682 4987 554 1334 6758 3506 2676 710 923 2756 5979 1864 4700 534 5929 5523 2241 
29 4613 3743 4172 694 7031 9845 3998 1184 100 9819 836 8389 7716 3190 8553 9082 7282 8792 3497 3887 5270 4343 213 4354 532 7043 4946 1633 935 
29 6428 5305 2184 4407 9993 326 7415 2023 7034 978 7768 4278 3742 5276 758 4213 5299 5685 5758 8113 3893 6821 5845 4132 9010 2596 8152 9160 1709 
29 3032 3883 5428 5038 1023 6957 3548 9385 5384 6185 7441 2294 603 8105 1847 339 7138 4961 5754 244 7331 9856 4110 579 7630 9226 7679 8561 4336 
29 4780 8030 4503 1716 3884 2606 6219 3798 4105 6187 4317 559 9256 7156 7516 2537 6843 9437 9013 3776 4497 7219 892 4341 1114 9069 9368 9486 36 
29 6598 1108 293 5874 9338 6363 7140 425 3355 744 6536 7213 5060 5488 8076 2962 3360 4255 9641 8639 8057 2297 4158 733 6107 7590 5320 5644 3757 
29 5760 2235 1682 9011 5049 5063 4249 3428 4198 7119 2877 7870 2776 9653 8203 3148 4258 2104 8749 1370 6154 3888 487 658 8940 5693 9023 3926 9139 
29 9696 4706 1310 5008 3840 4012 238 5737 6111 6352 1814 7749 6612 6580 692 4707 3916 9690 6297 520 8560 997 965 3294 3382 1606 7451 5037 3098 
29 6509 495 7143 6936 4484 8264 7436 5204 5546 8539 4797 7412 4388 4762 461 1359 452 2107 3035 4674 4818 3746 6446 936 5832 6585 5851 9824 3934 
29 8273 5196 9891 7559 2225 1706 3472 4997 8511 20 7231 4495 4381 732 5640 2802 8558 4010 8910 9259 3805 6386 4841 3389 7833 9559 9278 6693 5010 
29 9233 1138 1731 4581 6506 3157 8231 2244 2005 8413 132 8379 9061 2570 5870 3741 3631 7000 2678 1082 415 1848 4328 7028 7488 436 4382 823 6220 
29 5477 3114 113 4905 2659 9534 9989 6086 1118 138 5516 9589 1506 1344 8420 9820 5486 7600 2822 9935 6851 4435 5236 270 5224 9054 2633 9773 6654 
29 3237 4570 5502 5116 3911 4312 1723 9369 8881 4740 5044 1992 9929 1460 8906 563 6203 2051 801 8583 2723 5912 2567 3739 3653 6900 6178 1587 7912 
29 851 1528 9743 3065 7224 1555 6767 8013 4689 2277 4284 9449 1266 95 8960 4437 2170 4472 6291 8359 1061 998 7570 9644 2697 3604 8402 5180 9103 
29 9766 7666 5376 6314 286 4345 3991 2889 7935 4926 827 1852 4949 9791 5592 829 2057 4471 385 6080 7786 8039 7456 2971 7549 3630 2808 7518 1068 
29 347 6865 9556 4109 8238 4074 1404 5439 1052 2627 8304 7801 6221 1337 3955 9636 9506 197 2990 848 9889 5904 5283 2711 1978 6805 2926 5818 9189 
29 7776 7911 3605 7572 2979 1896 1164 7796 950 6670 4605 7989 8514 4746 8837 5142 7820 1127 3826 4881 770 3383 4948 1560 976 151 2345 940 8316 
29 772 8285 2897 3568 1025 8828 5649 4483 2507 5078 8717 7723 1758 2340 7858 9325 6714 1031 7268 9755 4806 7789 291 4334 1236 2232 7241 1962 9258 
29 1809 2654 9016 4277 3999 3908 8979 3326 7728 1725 2912 3535 7578 341 54 9546 795 8058 6054 2707 4800 2646 678 7591 4814 6703 8689 4897 9862 
29 5705 8183 3769 3524 4685 4767 4864 2540 8127 7287 9491 3522 2551 5359 8046 6255 8371 7327 1674 6972 1727 5915 7454 3452 9823 3890 9075 8581 699 
29 3508 9038 3107 6137 4028 7111 3331 2381 8826 5806 3145 2188 6550 5202 505 6728 9861 2850 3843 1567 1485 909 2597 8599 5803 8806 2686 7584 5576 
29 4776 9871 6586 649 6793 170 8675 8846 6380 8499 7899 2933 284 4133 2587 7048 6607 7660 2712 5928 7425 4362 1835 4625 5264 816 979 7636 8162 
29 5924 5942 299 7059 3268 9162 3440 7497 3420 8374 2514 7042 7074 1998 9276 9875 6173 9821 7247 9461 5725 2720 2196 3511 9576 6441 6379 5251 5836 
29 7003 701 9282 3346 2295 3957 1386 136 7702 2593 382 7311 9361 3515 762 6655 7210 2434 5996 3584 3571 6664 1524 769 7725 8114 1860 7517 2727 
29 1357 3394 4541 2592 5127 8509 9129 307 4080 4820 9423 2421 1151 6228 6603 3291 7542 1698 7166 5272 1155 8875 1993 2353 9293 2356 8335 5250 2894 
29 98 6125 7410 6702 9724 5582 9966 9643 8827 6921 156 2128 7972 18 7543 5136 2924 3249 4309 4026 7900 5709 6384 7464 6339 40 5562 3879 3586 
29 8342 6870 868 2126 2071 3012 2604 8966 1778 2873 5499 8992 5226 3792 1802 410 5858 9041 4877 1492 6335 1091 2204 6587 2610 6283 9518 3737 8672 
29 2245 9510 3327 2153 8 5434 2362 6808 688 3433 3421 7173 5731 118 9386 8358 3004 7671 9955 6442 4036 5402 7907 1173 6823 2772 9524 4466 3286 
29 9236 4485 1500 3518 6028 8110 5001 6337 1287 4847 7346 2062 5027 7259 2789 8197 3431 9334 6152 7193 6236 9495 4628 8973 1268 7239 5524 1336 8923 
29 1285 2642 7314 6943 4051 2930 3933 3303 6659 891 9372 4849 8225 7504 7181 6006 3697 8215 6998 1496 6302 4982 1540 8761 2454 7389 9632 6115 2351 
29 4029 606 8173 9591 7027 9749 4325 2192 4588 667 2797 2181 7713 4216 9975 6782 7387 3806 1523 8246 7553 988 8598 5713 4230 1923 2825 9711 4656 
29 5327 2138 7358 5349 8375 609 8660 4882 459 1292 4095 5680 1656 3859 4205 8630 6130 842 108 398 5862 5807 8053 9322 6789 8334 5829 7657 9573 
29 6263 2096 7597 5358 5789 1764 4395 9302 6562 8266 6331 8317 2518 2272 2228 8815 1913 437 4490 7065 3173 2991 7229 6920 8409 6158 8034 1823 2075 
29 5298 8460 8665 506 4979 407 7054 5752 1374 9569 204 7274 7272 1515 4548 362 166 9879 4035 8196 2124 1200 9463 1455 6779 7479 1411 3595 5579 
29 6304 9958 2549 1143 2487 1289 9648 2042 9106 4103 3477 3924 4713 274 2202 9037 9375 8504 4141 3301 400 4237 2103 2989 3232 9096 4263 8668 1217 
29 7877 147 8191 9864 9578 1712 9594 9202 6588 8629 7783 110 2907 9868 4404 6825 8040 7079 486 3278 4157 6521 76 906 1477 7939 3137 332 2539 
29 7966 4075 5955 9206 4352 3621 8457 7746 4650 8466 738 6104 3838 1834 5338 249 3713 2934 9318 8640 8543 9257 144 4492 1592 1129 3022 7040 2306 
29 7850 1489 5647 6413 6762 7195 8063 9561 8068 5515 345 6613 1378 7077 5190 163 9254 9387 7132 1022 6399 9699 8705 6005 7642 2821 9567 5756 651 
29 5034 6633 5659 1142 4079 7664 4119 7582 8036 4566 6619 5285 5339 527 6537 3807 7444 6151 4279 5408 5746 5921 9979 8832 8324 6022 4973 5684 184 
29 3668 7197 615 4572 2788 5208 8522 2718 1279 1089 8922 9043 2453 4423 497 8364 8964 4894 1537 5742 8005 4828 1589 5070 251 1639 5801 9371 3897 
29 7956 2034 2234 8932 5512 7959 3116 1228 9482 8208 6281 4888 5238 7050 7490 8207 5549 3403 3825 9742 1309 2326 2977 879 408 7029 8093 9761 8803 
29 7804 9280 342 3635 3665 130 2721 3295 9419 8750 2744 8347 2047 8258 4527 5971 8975 6066 8218 3970 5122 711 5447 4854 8372 3542 9211 7930 6475 
29 9055 9726 6467 9200 4731 2724 6058 9250 4673 968 4859 5050 8192 4111 5945 2949 6411 844 8049 9886 3628 3680 7471 3785 7435 7207 2777 3789 1696 
29 5827 7727 463 3612 637 4015 1605 9475 717 2247 981 3773 9774 8671 5374 2266 2116 7018 6541 4370 7964 2705 5059 983 859 3580 6669 7835 124 
29 9715 9913 8544 9393 5596 3036 3085 4878 4823 4546 5674 2687 4695 7885 9616 3456 7105 1072 6234 2628 3316 821 907 1301 719 9138 9417 7161 3622 
29 7945 2901 4061 5065 8610 792 2690 3375 3870 6776 328 9928 6544 5598 5804 4943 1317 4215 5985 2162 4090 2210 6212 3175 3802 2462 1248 5767 8137 
29 9874 547 768 3685 3562 9115 5093 314 1670 7452 3227 1269 6854 6455 1134 1282 460 353 9540 5672 8497 3709 6741 2422 9826 3484 6328 4193 1009 
29 7309 861 1377 2174 2003 3264 3253 8124 8674 9198 7652 8952 6845 3853 598 2696 8621 5605 6268 6087 8366 1552 4701 3541 3055 7563 405 4829 1037 
29 6951 3287 5464 3438 7997 7601 1048 392 4682 3045 8984 2525 7455 1441 8179 6266 6394 2699 8035 1883 5880 9213 1784 7619 8615 180 3920 8989 6499 
29 8143 626 1474 3995 2385 6287 864 8901 7476 4769 5609 6911 2509 4912 1984 1013 2249 1985 1556 4550 6150 7271 6026 8045 882 5067 2703 7321 4304 
29 4600 420 96 2805 7522 9024 9311 195 846 4489 4493 3324 6355 8725 4456 2383 3864 1120 3399 304 6797 2562 1613 9635 7073 5837 4091 6417 4104 
29 1519 939 9857 4323 2833 570 1192 8776 7968 3370 5211 9088 6486 1387 6621 6632 6351 4874 5125 2966 7946 7854 16 4246 3787 4808 1045 860 7521 
29 3690 6122 1615 3182 7328 5868 6925 8200 8437 3141 2728 1741 9738 9053 380 5382 3509 9105 8570 1389 7168 3602 4096 8242 1294 3003 1673 3015 7683 
29 6469 7237 1887 526 5585 1874 4846 4421 8601 4286 5909 8062 3372 5790 5113 6592 5932 1001 7198 2156 6896 4925 870 5493 4939 1702 9746 6227 9141 
29 2190 3919 279 2025 862 8611 9551 5233 3197 3400 8144 840 5117 8368 7347 831 4208 3099 9530 8300 7401 5167 9033 2060 8440 4020 7520 5572 3437 
29 5280 830 3530 3369 3165 2615 4522 268 1339 9163 8459 7532 7118 4265 7687 6204 9168 4595 189 9397 3966 4944 2656 2508 6791 5478 6889 616 6416 
29 4845 2684 4958 7756 2441 3990 3620 253 3852 4856 401 9757 1345 2127 390 4218 5905 178 1967 590 9595 5316 5584 367 9262 5106 4148 2218 9637 
29 3179 8097 6353 6200 9316 394 4735 3368 3661 4327 8370 8315 2517 9722 4511 8439 4928 4675 4668 3140 315 5036 6211 3217 3429 5045 449 8268 1452 
29 3081 9228 6141 3248 1462 4185 8495 5144 596 4330 9159 2180 5607 8189 5514 7787 202 544 3136 7994 814 3418 2729 5220 1695 5595 3874 6397 8967 
29 1988 9267 8245 3791 522 955 5817 2680 1957 3101 1214 5534 2258 7298 605 3923 1626 6155 1971 8417 6310 6552 9171 8708 523 3480 8060 689 2673 
29 3115 9348 1010 4950 8265 2113 2547 5635 53 2224 8248 214 2847 2969 4077 3265 6862 4008 3589 2488 343 1024 3113 101 6063 4269 9006 6538 8363 
29 3980 9860 9161 5191 191 1588 1383 6734 4923 6533 6755 8667 5331 4445 4253 9806 8713 9730 5342 6902 6036 5237 2302 4174 7744 6800 4875 8512 7460 
29 4219 7957 7189 5759 2212 588 4576 5537 4500 753 5903 418 9842 4537 789 5406 3567 24 9988 5407 9665 297 3103 538 391 1274 5182 6120 8786 
29 6635 7222 6827 3221 5701 5244 9805 2619 1888 7201 2498 3777 5346 1237 5894 7536 9111 8596 4474 9973 1739 9629 5456 7355 6513 3564 2286 5329 9009 
29 1566 6616 4429 4661 1572 4771 8782 7485 7337 2428 4283 7822 1877 2227 8468 6450 6332 9995 670 7510 8318 5888 472 8513 1482 9224 9143 2794 9664 
29 7368 927 7285 7263 3654 8302 7611 34 9330 64 6928 5877 9124 6096 5371 9784 1821 7070 761 2255 2449 5072 6438 4377 4299 1756 84 5412 2704 
29 9813 4499 5026 9605 7894 9225 7800 8235 3381 4672 9564 3376 9390 1732 7165 5999 3878 786 3526 2209 3900 157 934 8541 1320 1828 4201 1952 4241 
29 9543 3060 5784 5802 7710 4411 3669 1137 5387 6508 1463 3761 4331 3702 1925 5463 8748 8237 4516 766 787 4056 8762 5046 8883 1869 8857 6112 6182 
29 7774 155 7004 1831 5998 9716 7432 6177 2609 9275 9405 560 5138 5274 4084 5906 2740 6362 6198 5774 2207 4431 9034 5642 6145 6974 4920 7743 2838 
29 5089 1263 9164 5039 7403 763 2585 6995 2630 3671 6430 3319 9944 9841 426 3688 7799 8625 6082 1333 5854 3950 9754 6459 1531 7622 6955 9284 2194 
29 2198 796 8312 6457 7861 6663 3051 4969 9328 2753 9030 4150 7252 5279 3049 1135 7492 4305 2087 4514 4235 7758 7293 9337 9471 3901 1384 4945 8025 
29 4737 6802 7179 2278 4608 7164 5345 4929 3829 5256 2375 6389 3109 6327 9418 4122 2566 1721 3613 2629 6557 7960 5014 3152 9315 2056 7823 8080 8644 
29 5294 7967 5328 9614 6490 1570 1349 2094 2313 5240 4081 2069 2424 9727 5186 6698 6017 5175 687 3471 7810 9146 2176 7398 5630 9238 671 4369 5389 
29 8150 8398 9128 7128 5174 9712 843 9409 8885 8830 9192 5403 7374 2016 8963 396 3177 7996 8673 9533 431 8642 4990 88 575 7524 5215 3385 1819 
29 3073 1683 9142 1088 6738 8421 5422 6938 2985 6377 7336 6686 3223 8352 1428 1782 7154 1652 3159 5953 7335 630 7470 6316 8344 2431 9535 6309 3770 
29 1628 4715 961 74 1364 7317 3817 5540 122 8260 4453 6878 1139 2910 6225 5508 6169 4520 1730 3546 9588 4615 5210 9444 7021 6076 5248 5260 7395 
29 4980 4405 2944 5287 5733 8863 7596 8924 9903 9586 2739 1648 5815 4860 8996 2464 8789 9169 5355 9445 1185 3674 9466 1651 2172 7965 7821 3643 6048 
29 6830 4984 4886 2150 9051 9927 986 8158 7299 6167 8433 2367 4614 9477 5491 632 2458 573 1944 2442 9914 9744 9994 2140 9516 7937 7707 87 8044 
29 4446 1029 2133 2973 4792 265 1017 8404 1085 3736 1629 1609 7380 3318 3689 9356 3257 6059 7316 3932 5550 7770 2582 1171 9312 5504 5094 9833 1580 
29 7560 5364 4386 5140 3 8383 7367 6918 2675 3128 4252 2497 5393 9520 2187 2608 4704 8182 50 919 708 9689 8038 5876 3000 5356 1966 3640 5253 
29 6448 9329 6272 41 9081 48 4394 2923 9407 1019 2972 6223 984 93 7446 2890 5588 517 3308 2476 903 5933 3406 1406 9809 3886 484 9097 8394 
29 4940 7115 289 918 9982 2801 1419 9503 4680 6370 1158 8176 406 3768 3111 5100 625 6106 4232 255 655 1836 1603 9303 116 1130 1288 4802 5052 
29 9026 4339 6286 7230 7437 6640 7753 2688 2269 6730 7149 3811 1254 541 5432 1559 1 335 2669 925 1476 6426 2386 9131 1140 8677 2895 296 6241 
29 4774 2523 8631 1304 8703 9800 9099 8432 9855 4494 5252 8458 6566 7531 5281 8918 7297 241 6479 7290 2217 3682 3616 416 3207 2670 2780 7933 7923 
29 5910 8723 4994 4981 3386 8228 4687 7586 5577 1861 81 6811 3732 7371 5419 5950 4425 6210 8337 6456 4143 413 8861 5071 691 7088 1434 9513 2918 
29 2401 3138 9133 6890 5386 7005 5273 3903 3610 5513 5764 5634 513 7281 152 5195 8890 2199 4523 2601 8687 3759 5943 9554 7244 7340 1472 9343 6439 
29 6053 932 3889 9321 476 4434 125 5286 1777 1770 9501 1759 3453 9769 1252 9725 4574 646 2 8843 1150 2588 8415 8023 6861 9624 3501 6149 8290 
29 3090 1996 5856 7506 5676 346 4872 2818 4542 7528 5965 1064 4635 6953 3758 3475 6704 3960 7016 6369 5351 5427 1100 236 6317 9378 6045 7157 7797 
29 7393 3930 4050 6249 3975 9125 9216 5639 2206 1033 1000 9998 4759 269 1512 1369 9734 7904 8112 9144 4766 1399 3446 8851 2635 8811 7394 69 4703 
29 8978 9046 2781 9220 8332 2883 1479 3910 8921 7385 7605 8534 7705 6390 6015 9272 6534 7889 1690 5413 7218 7808 1742 1481 4107 4561 1094 7741 4190 
29 8995 2997 2657 2731 4004 3333 9354 3042 5809 4696 1935 6546 888 9951 1755 9601 8331 3093 1654 5687 5525 2768 2875 6019 6662 2329 4052 4641 7203 
29 6186 1940 1028 6231 5893 1714 388 8452 8263 5388 6346 726 5604 3323 456 5927 5446 7606 3412 9781 8980 8405 7094 6392 6240 6711 4108 8147 4106 
29 7364 5259 799 5397 5066 7618 4508 3439 7525 6530 6471 4577 4189 3361 8733 3312 9232 2261 7183 8267 6043 9234 724 5772 7102 9209 530 966 8814 
29 8825 1409 2531 7160 8486 1760 9656 7379 8874 6205 4936 6997 4691 9065 4071 8086 2869 2009 4191 9631 3943 9049 8945 714 7802 8278 1857 1119 1233 
29 3348 5170 4461 7286 1501 8928 4428 4758 5853 2021 1573 2602 5563 321 2888 741 2338 8184 8454 9840 7260 4303 6996 1332 3693 2264 1459 97 6606 
29 5468 6583 924 8743 8988 3788 1340 5714 7631 2665 4937 6674 9617 7131 49 890 7498 552 3409 8848 205 674 855 1394 59 6977 1199 6451 8817 
29 3193 6582 8418 6815 6523 5922 3931 8378 531 3808 4206 1625 7915 7305 1618 9647 3543 3499 3656 6453 8905 5983 4931 4239 3972 7836 9850 9676 1335 
29 5788 3601 607 7846 1502 3856 1323 2519 1595 5476 2631 4155 2252 5344 440 9976 2197 4403 2364 5469 7892 7300 3780 3125 3577 809 1972 8356 4957 
29 3971 2543 9663 1582 5247 7273 3965 8494 5372 3917 6418 8338 4583 9500 8590 9117 9121 82 4443 220 8204 5411 9897 2000 8958 5164 5231 8011 7129 
29 1044 2836 4477 6301 8071 1776 9048 3311 1225 8548 3329 4518 1945 802 1762 2658 5831 7478 4468 3894 1650 2842 8451 7406 9244 3862 900 895 5939 
29 6387 2945 4030 3745 6365 7526 3696 5622 4310 9834 2171 6349 7208 7103 7620 6162 2409 5105 9606 9996 4162 7566 464 2457 3738 2641 1265 1931 3091 
29 1630 9984 4633 8683 8251 6298 5615 6408 5769 2855 83 6926 3344 9971 6725 1701 9210 7058 8145 6148 2791 5392 4353 2664 7931 2152 3763 4138 5399 
29 5816 1312 3064 1413 7424 5665 6668 4534 3828 2528 9004 7513 481 2008 2649 6846 2130 6680 8281 6496 4247 4038 2221 8669 8047 6579 7978 9691 7233 
29 6303 4646 3754 5724 9763 7747 79 8926 3120 5337 5710 1959 7150 4586 7032 1911 951 6030 4293 8303 8032 3430 5373 4223 9391 3112 1385 5335 8042 
29 4694 3047 1260 9468 4564 8555 9740 8286 8915 4571 8935 4166 6913 7732 1963 9505 9064 511 1827 7480 7046 9881 6601 6261 9008 5485 709 4048 5578 
29 5453 6512 4426 5365 424 4183 942 7006 914 8619 4144 6873 5623 8319 4128 5450 2413 4924 3084 3815 4623 2282 3764 7832 1882 4406 9527 183 7205 
29 6060 5574 3566 2390 6218 5367 2856 705 1508 2698 1928 8442 2605 8284 1244 4972 169 4192 474 7338 4501 899 9608 9181 8641 662 4531 3392 336 
29 933 9523 2463 8406 8917 779 1392 1728 9412 6574 519 2310 1382 7925 3538 3229 963 9292 7038 3020 1464 7809 1379 4413 8088 9020 9005 9825 4968 
29 6875 4401 6522 2863 1054 5602 8095 9239 2091 4639 5641 1093 3464 5530 3662 808 2014 3956 3031 5697 2759 3918 8026 3830 6774 8949 5975 7650 3059 
29 8809 4121 8797 7433 5426 7688 5798 5020 1544 1938 2809 3095 7107 8299 5795 3655 6884 608 2444 3435 3416 1314 7243 7573 4900 8707 9472 6561 2320 
29 4076 9287 3163 2773 5054 721 7122 9531 1163 9762 7275 4645 3992 6909 9459 3964 3784 8835 8764 6462 7472 4855 4149 8469 5228 7475 3529 9583 3034 
29 7724 865 4482 818 7963 3516 5030 9822 1226 9110 8912 4245 9683 1253 2433 5730 4228 3018 9504 1165 2445 6742 2892 4562 8649 3961 2485 7548 8212 
29 3181 3700 5719 697 5883 8450 9309 1771 5498 1079 6502 8502 7759 640 2048 7629 8018 4476 995 1388 3591 9948 2760 1442 8012 4156 8898 4410 7386 
29 5728 5715 5865 6465 3902 1006 811 8471 2410 6242 8801 1969 9227 739 1539 5300 3708 6853 2330 9221 4693 512 6454 2817 9517 737 8798 7187 4754 
29 9964 8684 6526 3821 6097 2391 7130 8006 798 6571 4180 1473 8951 2321 5805 3978 9677 1062 9326 9077 8239 6650 7474 2435 941 8542 9756 3246 5111 
29 1624 6312 5544 1979 5278 956 7633 2861 435 9457 2569 3502 1763 1513 4171 3130 3765 3043 2049 9084 6968 7254 4290 7853 4927 8833 7568 5472 7778 
29 373 693 4638 6230 2450 5394 3215 1781 3846 6817 5139 1494 4870 9872 8766 6374 6248 2672 9358 873 3279 9093 8834 2280 9424 1631 2382 5322 6172 
29 5696 1106 9549 9422 3404 6041 9123 1894 2183 7120 8532 4214 3666 4915 3366 1678 6649 1197 3827 6129 8765 7879 7199 1450 913 6859 7366 1117 4934 
29 9404 5891 5178 4699 5842 9783 5960 4526 9977 225 3645 3540 5616 6062 9297 8986 3704 5151 4834 8711 2402 1929 8508 1754 1655 22 6025 8226 6085 
29 9434 9796 7137 1643 7942 4863 6572 1717 1125 5451 1534 7022 7973 2829 1550 8784 8059 5527 9737 6032 9885 9607 578 6110 6761 869 3812 259 3127 
29 4899 8648 9782 31 1593 8177 8306 4942 6895 2237 1232 1951 1547 2552 5003 6991 6127 3912 3774 3402 4775 6435 7091 5667 4879 9158 4094 5833 3122 
29 5651 7645 8003 4838 1055 1431 3078 5594 7731 3351 3657 5986 9847 9411 8720 4664 4593 5763 3359 5553 2376 5688 6611 6193 8429 9157 7245 9186 7708 
29 7258 2948 8111 9965 231 5053 3493 1752 2828 9570 1813 3565 3199 9574 8913 7697 6681 5830 8369 2803 3413 9279 3514 6330 4236 5931 5791 2538 3285 
29 1303 3080 8785 4556 1684 5363 8326 3364 2299 6976 5683 6395 1601 4270 9598 8566 117 5004 8077 1074 992 3986 8084 2405 1891 7055 2734 9456 2169 
29 2363 5703 7323 7982 4947 4455 2557 5812 7888 3108 4597 5443 9952 6545 348 1890 6095 7922 6393 6051 1066 4457 2028 4630 9854 176 8132 1921 5380 
29 6233 2253 3474 9919 4248 2784 467 6717 8769 621 9680 61 2726 5663 217 1002 4974 1865 7812 107 2561 1443 6978 2451 4225 9693 2438 21 3320 
29 1787 635 703 2693 1796 239 1121 1817 3491 226 8794 4584 5137 6061 9581 9846 8994 5006 7767 5621 3132 507 8446 2600 9396 9421 6701 4751 4817 
29 3155 85 5350 5997 7557 9638 4365 539 5840 2115 9910 8647 5587 2058 3258 7188 4424 682 3935 4622 6294 5677 9165 9788 1604 17 612 9203 3236 
29 6517 1466 8838 9674 4041 7703 1666 2811 5613 4085 905 1554 5867 1238 6529 8501 7898 3556 7172 1021 4739 8483 2835 6743 4145 4204 7696 475 8919 
29 6525 5452 7484 5638 4375 6040 320 6402 1941 9646 7296 3952 5172 6570 4517 7656 3123 3174 8856 794 3191 1208 8559 4295 6828 8840 9659 1803 350 
29 8229 9802 8600 5825 5420 5179 2511 982 9585 3131 6373 32 6079 6403 1578 4371 2841 2674 8505 6806 6464 9299 7423 4967 8270 5430 2840 8199 5531 
28 2581 4833 9420 6018 3782 1768 620 324 8201 8724 7869 9736 8202 8565 7310 1598 9222 1807 292 7940 3212 6765 3092 8753 4478 7913 6319 9764 
28 9029 6696 453 5539 7019 7344 8288 3019 7882 3347 5775 300 634 6222 7742 7445 1429 9436 8021 9195 2820 9335 4902 6124 2173 2554 6726 3877 
28 4194 7986 4535 1602 3691 7067 6037 9932 4337 3142 9281 2254 9612 2747 4332 3124 8692 1069 3211 2769 815 1849 245 5712 4175 4986 894 2271 
28 4297 1765 3371 2412 5995 3338 9327 3462 9992 2489 8900 5496 4356 1240 4952 5599 5121 5218 5415 5843 1581 5315 7017 4224 9714 3667 7825 5024 
28 6754 2598 5148 6270 8156 5401 2956 1211 7303 6216 7399 3608 285 6798 5823 5636 6589 5675 9185 8716 3658 2018 127 7914 1681 704 6029 2743 
28 4788 2066 3335 6119 3007 9790 5631 4805 8020 1348 587 7136 654 1223 6409 4558 1816 92 5497 8550 4227 4226 168 3233 6307 1159 3865 2134 
28 9684 208 8081 4505 9047 4637 1040 1689 664 6194 7174 841 4042 5575 9702 8959 2943 902 6834 2921 1430 8821 9027 5557 9926 1416 9863 7360 
28 1942 3551 3939 7921 7257 804 1487 7772 7326 1331 1147 1584 3057 5958 3225 1503 1646 546 6174 5660 7779 3498 5160 5984 7306 7351 6207 964 
28 3353 5633 8257 5966 8573 8353 6406 6437 1575 8410 8626 4372 3317 9652 56 7148 1958 5398 7235 6419 2296 536 6269 4918 2395 2092 7985 1638 
28 2931 3166 545 6323 3636 2879 2166 9779 1011 5391 3083 1791 422 7612 9255 5666 9793 4965 1239 5808 2387 1934 3623 6347 1719 9878 2796 9394 
28 3963 6038 8164 6452 3454 358 3523 6505 4057 2968 847 604 6679 1525 250 70 8868 7928 7929 9494 1801 9666 3478 5307 9621 12 6967 6065 
28 8701 8894 6415 1645 5777 8219 5657 203 9145 7976 5857 1953 7147 9067 9521 3178 473 8715 3322 9240 5899 3275 9560 9529 5483 1713 5217 161 
28 1436 9427 2285 2470 1186 822 1316 8527 4114 9092 5692 4200 3026 1242 5907 6590 2160 6020 4013 9704 6440 200 7009 8425 399 4772 3423 1095 
28 4416 9628 1284 302 4688 8965 6277 1583 528 4504 2465 6868 6424 4124 1154 1558 94 4262 8556 7979 4409 6449 4361 3096 501 2082 1840 1565 
28 6710 6199 5668 351 3230 1637 3048 5134 2535 5288 6648 6289 3219 8277 8859 7699 9949 5282 857 1733 7798 6049 2503 6209 6804 716 356 8953 
28 3579 1042 9835 6631 4904 3813 904 327 9080 6434 4998 4640 1902 7669 3642 8224 4988 7253 7356 2270 5571 1060 7500 8292 4153 55 8233 617 
28 3639 8099 2427 1507 7447 3305 4975 6047 2300 793 1851 7489 9991 4261 1974 6883 7860 2045 6554 4488 9376 7354 3850 5161 8496 6159 1898 6500 
28 4066 1038 3362 6253 5520 7875 3252 2814 5573 4244 2408 5735 6784 839 945 5058 3302 1697 2506 3422 5954 6949 7289 1032 1826 8506 874 2073 
28 120 2908 5968 2374 5885 9882 4007 7824 7793 7082 5207 6023 6396 2810 3946 442 9839 8653 8666 5130 1439 2432 3882 7007 3102 1256 7039 3804 
28 2347 9392 8831 5466 1203 9575 8659 3555 9032 1222 3066 1909 3836 7301 6360 3585 2283 7599 5230 4448 3070 3611 4906 8579 1901 1087 368 5368 
28 2437 2757 9707 7919 8714 6752 4557 8287 7397 3728 6836 9464 6832 7734 5271 777 3321 6092 15 5353 3824 273 3250 3779 9799 2378 6271 2639 
28 6935 1420 6458 4524 2461 8125 2189 5043 675 6915 9208 6837 9940 9794 5959 4935 6766 2248 1961 9484 2398 5126 8376 309 9130 9314 8839 9474 
28 6975 2984 7649 6153 977 5133 3948 349 7063 556 6524 3367 1327 1597 4451 1053 8465 7121 6311 7604 8981 1536 7408 2348 158 3752 6737 7002 
28 9114 3411 1590 4179 4611 9933 2867 7838 5901 7053 4217 1422 8211 533 1800 9415 949 1407 2478 9931 7512 4329 8313 6651 3793 6864 9957 6293 
28 8580 9342 8336 9487 6697 1277 784 4031 2655 4115 2741 1346 1622 2179 28 1649 8990 4220 3953 3398 2491 1880 1943 571 8272 7152 153 2233 
28 5177 2327 1241 5088 5994 9731 1275 1772 2182 1262 7721 4648 6894 5303 5543 9119 8151 7811 3513 8873 5223 4433 2346 9858 9264 2920 4011 256 
28 5379 4408 5400 187 3490 4671 7971 2389 4459 503 6016 2064 260 6879 5459 723 564 1007 7413 7086 2314 3270 8073 3781 5505 5980 4627 9296 
28 2974 432 9729 1451 2298 3581 5799 6992 5229 114 6279 928 3928 3988 1517 5637 9140 4 9911 5570 8657 9899 6656 2466 2230 7362 8562 1844 
28 3284 5482 790 9568 4885 3625 4964 2572 3161 7191 3624 9831 9090 8476 2938 7651 9078 7404 4357 1415 9229 2652 7947 4441 1103 4260 3391 3855 
28 3487 1977 8587 8166 7308 8416 7370 6694 8810 9063 4502 1620 4315 9056 4062 2384 6671 2843 9626 6527 5295 8931 2545 7261 8816 8947 5780 7895 
28 4815 2015 175 7353 9426 5834 6869 6630 7477 6156 4736 6175 43 5708 7416 9019 4643 8346 7924 4017 47 5306 5381 6064 3025 8592 8663 8490 
28 9347 2147 3088 5628 7803 146 4898 9785 5032 5334 681 8455 9172 8167 3557 8808 4744 6329 9777 2758 8999 2625 5941 2886 8136 2575 7158 465 
28 1596 4907 4795 1176 2331 4954 1136 9305 1490 6826 8470 5835 4452 165 5188 4876 4589 115 700 8721 8524 5863 6772 9066 1264 8325 5258 323 
28 9380 7407 5610 7162 3168 5109 3593 3201 7391 9288 8236 8345 6549 5159 393 7487 7640 37 8712 4690 1352 2090 5973 1964 2072 3552 1815 4254 
28 7690 1710 1071 5948 884 7448 695 258 1405 4025 5165 757 1616 1168 2560 4880 275 3244 9924 548 9370 7453 8330 8941 7626 5593 5535 9492 
28 1322 9339 7126 8862 8027 243 5129 2414 9815 3634 6950 4112 6252 2980 7816 7881 5510 4000 3747 7527 8070 9331 5120 3276 3941 9044 1319 494 
28 5110 5521 1878 8259 3687 3050 1779 1177 7318 329 9708 8939 572 7449 9528 9438 8767 7905 5080 7499 1994 5246 7339 8178 6412 4892 3377 7550 
28 7427 7987 2020 5736 8693 1281 1049 8888 1433 9248 8658 5435 515 1298 1799 2029 4159 6367 6161 303 4624 6578 7330 7264 181 2541 6381 4233 
28 9480 6596 3795 9651 8993 7113 9810 2315 2446 8382 9022 8882 5503 2965 1968 3271 6425 3705 6288 1041 6477 8153 7872 7916 1632 3659 5522 7653 
28 4812 3663 7634 7400 7418 8758 2118 7667 2579 8896 1425 9102 2564 7760 5686 8515 504 4647 8903 4677 6213 5814 5290 9345 4146 3715 657 5755 
28 9237 6980 3641 5650 6099 7556 7676 1308 1424 5455 9775 6135 4506 2762 4532 1167 6964 2293 6643 833 1591 4073 1080 2242 9490 1520 352 6891 
28 6677 5811 781 1189 4212 3848 7961 8655 1341 8770 7405 5797 5390 8788 6665 749 4596 698 4101 8586 8688 1070 1084 4798 5603 3492 3365 30 
28 450 9086 2611 2594 1737 6101 9170 247 3183 8019 1912 6628 1283 3143 8704 5796 3442 2866 7283 9700 4810 7288 8210 9183 1488 6290 2580 6990 
28 4359 9562 856 8937 2011 6682 7020 8628 6466 7623 9642 8106 8015 7071 2913 5441 4137 2004 3891 2120 9450 9739 5581 9921 1183 2359 2186 8377 
28 1916 9363 1251 3989 6880 8564 7383 9922 3831 4850 7246 1509 6126 3809 5879 4826 7595 5227 5377 1838 1363 2746 3949 5911 1910 3507 3822 7134 
28 2017 3222 8419 3054 2661 7615 6689 9843 1156 5882 2800 4962 3979 1623 6247 1258 6344 6305 8232 3554 7658 9720 613 771 9772 3443 2370 7295 
28 7920 9943 1280 3170 27 7865 9104 619 3545 5702 4660 1811 1769 277 8518 6636 4065 1599 9178 3755 2583 451 1884 747 7834 8072 8574 8478 
28 2872 9733 7884 514 493 8117 8823 2804 9120 645 2620 257 9313 4444 9499 3310 2493 1876 7593 1522 4725 78 5645 9688 1822 8696 4711 4585 
28 3056 2899 9087 1687 8925 6947 7212 7909 1640 1557 7769 7421 4667 7609 4393 7486 6326 8519 9934 9448 6678 7216 8477 7990 3959 3129 3895 743 
28 819 722 6688 5360 5479 8104 2679 8800 8507 2513 5017 383 5438 5079 7665 7529 6560 1514 6300 3239 8889 9969 9577 8128 6482 5022 1295 3272 
28 2868 9003 6818 6850 7784 196 4884 4996 8461 9894 6258 4089 6982 4009 990 5157 4787 4729 767 5296 9602 6944 1107 1995 8492 7320 4116 5718 
28 8645 2301 2677 6341 8309 9584 4047 6881 8064 938 2333 1885 2141 3799 1511 8845 1981 1410 271 2752 7291 8441 7440 4676 3517 7771 4136 2365 
28 6388 9942 4804 5074 1868 9001 5781 2251 5009 5873 9175 8582 5532 6478 2006 2904 2081 7457 2961 1780 8864 1152 1123 4126 1873 148 1986 7110 
28 199 9713 6840 9167 7580 4552 3040 3503 1390 3354 63 3722 8860 2536 2774 9388 2905 135 8691 8744 1174 6876 8927 3677 126 7575 627 6790 
28 1230 6576 6243 8475 2468 228 7238 3001 5016 2040 4102 3839 5423 2334 8822 2940 6504 3135 5852 3915 2558 4909 2303 2830 9667 867 4053 8568 
28 5081 5620 2617 7906 7726 7515 1870 4306 5722 2131 3158 2903 2404 2719 1688 4414 5741 8728 2751 702 490 4869 3849 3647 3921 412 2745 5467 
28 5206 7083 8261 5424 7717 1937 7901 7873 4789 4498 4318 172 881 6259 8193 4709 8510 7248 7178 3425 6543 8844 3686 8438 3172 7084 149 1949 
28 5025 5559 1166 5440 576 5471 920 1187 5849 5926 7200 330 2590 1740 838 9269 5461 3455 610 7357 5097 3184 1198 5590 7677 5115 6705 2368 
28 668 9703 9365 3871 6163 6573 5099 7265 9116 6626 3290 6089 1532 9215 752 7438 2121 8282 9260 7075 438 3638 5168 7828 5678 7551 7614 4390 
28 4320 2942 174 1744 6132 653 2033 4289 1677 7036 2459 7177 4481 6470 2884 8491 6433 7495 6098 1832 479 2922 446 4799 6719 6796 1989 6498 
28 7534 1530 1326 4181 9906 8241 3432 8676 5653 4938 3342 67 2022 1676 5511 8276 8595 4724 5658 8847 9983 7607 6432 7794 3053 1003 7051 3196 
28 1668 2638 9870 6942 3407 8793 2692 3951 2929 5132 1824 5892 3544 4399 6600 1493 5183 6238 6421 6783 5031 1219 2819 421 1705 805 1980 1790 
28 1562 4873 190 7867 4351 8126 1991 5198 647 4679 6792 3458 7700 9349 3573 1402 9462 9300 7795 7773 8578 4733 7422 8247 2932 9223 5263 8412 
28 1749 8702 614 7056 8662 996 7589 6044 9705 7762 3259 1614 2026 4169 2916 4275 6844 6599 4043 9205 5495 7182 229 19 7078 1866 4268 7035 
28 2520 4058 9050 370 4678 1736 4554 2689 7766 9896 9750 9332 8096 2778 3694 1112 261 232 159 3345 1917 3336 4525 6724 9400 6715 3760 1825 
28 5199 2411 5529 9212 3139 6695 6838 9747 182 7547 7325 7999 9150 7463 5268 8944 5235 2046 8016 542 3243 1671 3332 7468 272 3675 586 4978 
28 6699 4903 5239 2623 8943 5057 9654 4616 2722 3104 6507 2154 6027 5681 2668 9367 7313 5566 9681 2715 8024 1355 1635 9759 308 3010 5580 4896 
28 207 748 4601 6962 7434 8768 1329 5119 2526 9062 1843 1030 581 6627 1886 9963 7844 3154 1432 6338 6778 7196 2510 648 8972 4720 2263 1110 
28 1454 754 9593 9939 9745 9795 7419 7932 1221 7616 780 1111 948 3234 7880 1453 5974 9807 6336 1213 8001 1202 3304 6609 5292 1445 4642 9682 
28 7001 5976 8613 7144 8633 6749 760 2481 5847 9470 3550 3307 2063 246 1518 1246 1193 4288 3521 6769 7280 4811 8950 6939 7081 2891 4045 5734 
28 8328 1122 4291 4117 1180 7886 4852 1527 5548 8209 2816 1145 9887 9384 491 2418 344 5149 1812 2287 9377 9057 2994 3014 2146 3224 8870 4384 
28 7064 1398 5771 4913 3719 985 1486 2586 3766 1273 8772 4392 8399 9021 2108 9938 3940 6275 6602 4151 9428 6250 7788 389 1480 3561 4463 46 
28 186 9366 5946 5662 1160 5916 8391 5333 7402 62 9344 2482 2786 7577 5257 7511 9266 6929 8000 6683 1751 8521 8255 143 8149 4363 5405 1541 
28 288 3445 6463 198 7215 8055 6278 1853 9039 1469 2534 9502 9310 44 7592 5618 3701 8485 6781 9430 7384 4609 364 5695 2500 9382 1457 9460 
28 2035 1735 558 7751 6824 2119 6468 9364 3076 9179 6916 734 2568 1325 5481 1231 2882 3315 5654 6118 8946 9453 4379 537 8525 7791 3539 3558 
28 4976 2191 4933 2988 8651 6922 6357 1805 4666 3796 2644 4449 6170 7720 9980 2483 5889 7076 5042 6971 946 1354 9333 9089 1076 3479 6226 6866 
28 6483 5015 3118 7564 1005 4835 9271 5255 376 1131 1746 2785 5606 2343 9478 1351 445 9853 8393 6342 3146 5558 417 7874 3247 6775 2595 1920 
28 8067 6618 9893 2472 9134 8148 2647 3185 8381 550 8741 7232 1172 9154 8528 4348 9085 6691 8546 6892 9341 4211 9204 9571 2274 3814 4890 5936 
28 7227 4951 8545 6405 9880 666 9697 6912 5753 2573 2164 3079 1672 5761 5189 9741 9946 8253 9166 8719 5661 1919 2666 2754 4598 8929 7598 1757 
28 2648 4068 917 2716 5163 2871 4367 1012 1315 3266 3603 817 5991 7010 9399 5265 7684 7503 7541 6195 7037 1789 5181 7085 9126 8091 8540 5745 
28 3496 9912 1018 488 9898 9 3041 791 644 7090 4840 7377 2779 1157 7845 7977 8654 6445 5091 7211 9580 6078 1124 210 1449 3973 9136 2039 
28 5171 4803 4385 2749 5242 6070 9182 8884 4014 5154 5494 2671 2995 9838 4752 7890 820 1694 8877 1905 3426 9956 9398 1889 4857 5023 5085 1372 
28 5216 2361 5062 4097 2936 3617 6887 1551 1403 3783 4989 2425 4002 9286 5564 8004 883 6617 6700 2964 2093 9336 75 4819 6801 3729 8537 1895 
28 9512 4086 728 2238 7142 1510 3938 2504 2243 5765 2651 4851 4785 1360 3037 9000 7420 601 5033 9188 5824 6593 8385 7579 6933 4602 731 5925 
28 5061 1132 8638 6073 3801 4745 3854 5517 3067 8169 1206 4717 3594 7813 2289 9937 6577 4653 7876 7681 929 2559 3450 7848 6197 2935 4333 6551 
28 6117 4259 9918 6905 9592 6760 6497 5284 6986 8520 3803 2733 6638 2406 4202 9416 4868 5748 5462 7097 3598 8447 6257 9408 5055 742 8729 1249 
28 8763 4861 8523 2832 8736 1667 1505 3772 6494 8119 9728 8146 9323 8904 561 3283 8010 7983 3021 7359 1456 4296 2335 8392 9552 9884 2268 6899 
28 6548 6072 3673 3086 6414 5509 8031 2637 3588 999 2660 8977 6712 1548 3238 5319 4374 6897 7637 8585 9002 1948 4165 5560 5556 9451 837 6179 
28 9536 6652 2324 7706 1272 4858 4756 4747 9961 333 871 5792 5611 6812 8735 2993 4127 252 1161 4125 2357 9458 568 1906 8079 7390 6645 7936 
28 316 2168 3844 374 5878 6183 2037 6647 5944 2700 7583 7466 5425 5768 6773 9905 3186 1191 66 1644 6532 4836 482 409 7125 6748 5082 8361 
28 8339 2783 4604 7954 7839 6487 8899 3627 4753 6052 5783 1020 9633 9317 665 1761 2050 6031 6625 3885 1797 1661 4469 1753 3147 7348 3967 8551 
28 2379 8138 1569 5591 4658 1665 2065 5757 1491 4895 9277 5311 137 7554 5947 7514 8969 9241 8530 3868 745 3414 4549 2782 7123 9752 1367 8487 
28 6747 1016 4779 9876 4773 6657 7185 496 2960 4027 2915 4417 8390 6528 5749 4692 2308 1458 4178 2852 944 2036 3626 2106 6295 6008 4210 9640 
28 7473 4282 764 6010 1881 7569 9273 1846 1954 6192 9639 9679 4197 7754 6282 8604 3274 7829 3447 5614 8773 2396 8637 6757 6780 6952 4824 2044 
28 8734 1686 8275 5861 5492 5972 5293 4610 9947 3044 458 1976 5212 2701 5884 7546 7345 5209 8172 2460 1313 6692 5312 5918 5219 5465 6539 4893 
28 2992 529 8718 4273 9867 7145 8453 788 1734 1856 9042 7133 9836 3343 8805 3467 90 8089 1773 6906 7943 8876 3195 5361 6644 7764 6785 9787 
28 5619 8220 953 5828 5624 3794 9153 2970 4784 3925 2231 4176 3587 9395 8902 6584 7574 9941 2288 7585 6 973 7220 2400 8783 1318 5744 2452 
28 8755 3441 3289 3457 4544 1829 740 1417 7790 9603 1270 5896 7439 6181 7127 875 5308 6540 9435 6345 7255 4618 8396 2622 3306 5990 4131 5366 
28 2826 2607 4743 7814 2548 7024 1065 8129 8139 9118 4813 8737 1099 5289 9148 3841 3881 6642 4415 1850 7030 4308 6091 4582 707 7461 1090 6136 
28 2736 441 3459 5326 3176 6046 7682 2260 5554 6581 5855 162 4794 1783 2515 1504 8411 4418 6012 8464 8535 192 8320 9816 8987 8971 4865 1149 
28 9018 2129 4921 4778 6103 6516 6050 7047 7104 806 2175 5369 9152 9830 7849 7610 419 6385 8165 7206 8120 7026 6979 5565 6368 3531 6001 9526 
28 3906 3592 3089 4480 878 3277 1153 2846 926 1216 9869 7974 6822 8386 4760 6356 4093 8052 6273 8482 5632 4953 8365 2613 8747 2001 2714 7372 
28 2099 298 3832 8354 8916 9151 5869 4959 1057 8187 3560 3299 6084 206 7988 2632 8307 3261 4314 3202 7627 4450 1182 8474 5086 2823 2709 8685 
28 5952 3298 6361 4152 9967 6171 7194 3436 3927 6109 6831 2851 7519 7944 2284 5348 5897 5433 8829 1685 4055 9454 2112 6969 7319 4568 6318 1261 
28 7948 759 2419 7567 8293 142 3260 1594 8664 1014 8298 5302 7044 3648 7507 8759 8774 5012 5711 2807 8790 6553 6989 7661 1973 9465 6108 3873 
28 4718 5301 2941 1365 499 2070 6653 7369 2683 2163 2440 1376 7722 4636 5370 3216 3858 4120 8087 3149 5184 4199 9201 9895 8181 7565 5414 8479 
28 5536 2795 3711 854 8616 6431 9100 194 2694 9265 6948 6391 3309 6559 5720 6641 2205 751 3725 7738 4750 2239 1421 8198 3482 3835 4738 131 
28 4832 2799 611 4033 893 7739 9917 6460 8699 4659 8115 2845 9243 5656 959 9324 1549 8121 8274 2978 5378 8841 4024 562 659 5810 9778 7277 
28 9890 2148 4620 5317 9873 3208 5569 427 2055 1306 5751 1296 4559 5970 8812 9308 4843 970 3851 150 448 7837 8974 3867 173 2456 3786 4941 
28 1178 543 5103 10 6481 1839 9263 7941 3703 8632 2139 4844 8163 8131 9596 4285 6324 7240 9634 1820 880 4580 8594 1922 2399 3061 1440 9920 
28 7106 1229 8009 6480 5612 5340 7555 595 6937 3153 8327 2553 468 2837 8082 9789 4462 5090 9098 2844 4515 4229 1662 6820 9353 8739 8074 6407 
28 9808 4420 2132 7643 1235 7349 6217 2565 4338 4256 4919 1908 7167 7863 91 4496 8154 3150 7114 8849 8779 911 3448 8756 4930 1795 7501 9413 
28 3576 2246 2917 2662 8678 6756 9877 2211 3724 4063 193 525 7279 4547 3527 7033 4530 676 7613 3652 2616 6605 1871 7135 4592 3449 7376 1600 
28 7934 7761 4681 6093 5938 4078 1627 2477 2019 1563 4322 4135 6105 254 4321 7617 5821 9532 8614 8605 4816 8142 3069 6970 9319 3510 4922 9294 
28 8065 9619 3519 5987 4400 6954 1250 2420 278 6256 6208 2122 5153 3847 9692 7155 7969 677 3396 3486 3009 6661 6966 656 9469 6461 3024 2229 
28 45 2159 1102 5586 5291 3495 3721 3842 2137 9732 1863 952 1933 58 4300 6325 7392 2394 4366 357 8350 264 4649 6770 1330 4234 9611 3644 
28 7662 5826 7545 8103 3876 1083 8029 2767 3590 2614 3029 6447 2927 4266 317 636 5750 9007 8311 1484 4617 2546 123 3958 9401 4391 6114 9507 
28 8670 7332 9493 5930 7270 7409 4848 2407 9074 6841 3857 8722 4663 6764 7852 3845 2279 6591 5934 414 6146 9304 5277 7594 3771 8435 5124 8296 
28 7284 8597 6639 9721 1636 5092 4606 3714 4454 4587 9431 6133 5568 2349 7388 3775 340 3489 8850 1381 8262 9199 4565 7176 9553 1471 1144 5395 
28 4529 2909 3532 6007 7221 4383 3575 4560 9760 5185 145 569 2388 7765 1711 8727 4313 3330 1747 5937 5194 4686 7680 8256 9473 4129 9306 1664 
28 7675 1328 5545 2854 1858 6888 3909 8249 2793 582 5850 6333 171 1955 5969 5747 8426 1793 5490 7060 7117 6423 5617 8576 8100 1179 5146 6567 
28 7975 8643 3692 6398 3994 7949 1663 5949 7508 8775 718 5844 2981 943 7469 6858 3607 6214 2052 5738 1350 2533 1311 6057 6985 331 360 1785 
28 4088 9814 2193 5087 7995 9866 5967 7159 4963 7087 4486 521 7098 887 4326 8008 8289 7856 402 2887 2155 9268 6807 9970 2318 7951 5690 9655 
28 3615 3922 240 2591 8431 2078 5040 2024 509 1798 812 4629 6485 1162 6013 5664 4187 3672 9916 5963 3046 4569 1612 755 318 2195 2350 8297 
28 6903 3419 7842 6708 776 5141 2524 6299 4977 234 5542 9753 6736 6829 3866 5743 2957 8222 2377 8957 3030 6963 7647 1056 8037 7228 3982 9768 
28 5875 8852 216 6520 2403 2827 9214 2426 1353 5448 7927 3100 4430 5716 5069 4710 7015 267 2417 4712 8388 2492 7755 6422 5773 9476 2919 6885 
28 9812 9953 9803 2083 2928 2763 1750 8069 51 6140 8380 4764 629 1321 2085 5197 7365 6729 6740 5839 5262 508 6867 2443 9818 7186 3334 8871 
28 2436 8395 7830 6313 8002 6056 5454 7352 9068 3204 2226 4538 4087 5940 4412 2521 8230 8408 3188 6999 6004 5627 235 6718 9671 3892 1722 2010 
28 4054 2947 5275 9187 26 7334 8698 1210 2344 876 8343 386 1774 6637 3597 4164 9079 5135 7450 9403 5528 215 2149 3187 2165 8213 4039 7101 
28 361 1391 5309 276 5048 4349 4807 6196 6863 4591 8695 8357 4970 6519 2074 266 954 3861 8308 5035 9770 9350 9425 2996 375 6531 8572 3256 
28 1718 6320 2542 103 3226 8795 8195 5669 9452 9706 4757 8563 4992 5567 4442 5864 6191 1862 3231 5961 2053 8686 4741 3504 2447 111 3133 7655 
28 1875 3651 7953 9219 72 9410 2215 3819 338 2393 969 9901 1659 222 6400 684 9467 7312 7777 1408 8970 2100 6763 7417 901 6813 8122 2054 
28 5507 2145 3075 4821 8909 638 3525 8174 3762 8424 1113 6706 9481 937 8911 9797 7735 8472 1872 5444 8155 3618 2369 4551 4632 5249 1195 5778 
28 9930 8780 8194 9604 3209 7752 9622 8732 540 9694 600 9780 7632 7171 652 1362 6276 7535 2937 8895 6882 4960 2309 3373 4510 3280 8872 885 
28 369 8503 930 7926 3039 7396 4781 177 443 3205 7984 3395 411 5310 5385 972 89 3860 7223 73 9447 7329 3401 2955 7714 8897 5706 6746 
28 4670 3213 4373 9060 3200 4862 6011 8423 9113 5118 7689 3553 4652 9076 7533 4316 9542 3734 8627 8085 6042 5898 8301 6359 6474 7141 5819 967 
28 6932 2292 3650 696 6376 6777 3251 9538 1043 7864 9776 4387 4281 1904 5846 4507 1243 8557 9197 7857 282 5561 6039 7757 4355 1542 8624 1899 
28 6568 9406 8227 7962 500 462 6940 223 1293 3363 1586 4251 7695 518 3071 9618 4512 2643 3481 3984 7431 7057 9907 1703 1521 1738 6988 2455 
28 6856 4971 5890 2084 8710 5988 3194 164 1767 6930 5895 6308 430 8400 8855 9127 7099 9522 9373 8742 660 6348 3314 9511 4790 4662 6202 663 
28 7625 7269 3410 2275 2448 6083 4389 800 8934 3267 7509 4801 2352 9028 7025 5193 756 6768 9801 9485 5732 4168 9563 2787 4019 7581 2735 3707 
28 2276 9432 7414 642 3683 3469 1946 6246 1818 746 1892 8612 8484 2952 7266 3470 6515 3281 8240 7891 7807 1444 2219 5600 5518 8588 5886 1286 
28 8243 3288 4727 8751 5726 3378 9695 2358 9990 8656 7958 6021 5429 3974 1324 1438 4995 5075 1035 7428 6074 7458 7116 9496 280 6564 9852 2695 
28 301 4140 3313 7715 9094 1647 5169 9587 947 7908 3875 5064 5655 5782 1115 4021 6143 2030 4335 8223 8575 3533 4578 1259 9936 133 9923 2027 
28 4067 8180 8791 8422 5112 2213 7897 994 2473 7343 8310 8694 4749 5694 9525 8061 6961 5729 3210 8879 6473 1564 106 4005 4271 248 9283 4509 
28 5913 5838 6134 5533 310 1715 5437 3520 1267 4916 7558 7375 7049 6251 1046 5727 9355 8221 9579 6488 1175 9828 6575 2853 5474 6871 828 3005 
28 2839 3767 1297 8602 9758 3263 2848 3619 6265 2685 1299 8891 4473 5107 1845 7236 3863 5691 8740 6206 5682 9285 6420 9765 211 3660 33 7571 
28 3534 9609 8584 4748 9915 5608 1546 8858 9981 2144 5077 7819 5458 7214 2079 8462 5131 7831 9625 1475 3797 835 7139 3062 2603 6634 6260 7108 
28 8620 6960 8123 9137 852 2494 7292 3476 7052 6235 775 8022 4536 485 2236 2958 5421 8914 4603 4167 6732 1086 262 1837 7641 6629 4184 1907 
28 354 9253 4044 2495 6914 9999 7209 1412 908 1611 9687 9052 2281 6898 9565 4579 832 1257 6189 7072 1395 9230 397 3646 2220 3582 1483 2322 
28 4350 4842 2415 7693 7638 2342 6003 7917 5822 5145 3485 6857 8955 8436 8488 4871 9107 8448 6860 3563 8607 7315 5205 7442 9771 6849 6877 1059 
